{"/Users/natanaelfernandogattibrentano/azure-devops-dashboard/src/alerts.ts": {"path":"/Users/natanaelfernandogattibrentano/azure-devops-dashboard/src/alerts.ts","statementMap":{"0":{"start":{"line":3,"column":27},"end":{"line":3,"column":null}},"1":{"start":{"line":5,"column":48},"end":{"line":38,"column":null}},"2":{"start":{"line":41,"column":4},"end":{"line":48,"column":null}},"3":{"start":{"line":42,"column":23},"end":{"line":42,"column":null}},"4":{"start":{"line":43,"column":8},"end":{"line":45,"column":null}},"5":{"start":{"line":44,"column":12},"end":{"line":44,"column":null}},"6":{"start":{"line":49,"column":4},"end":{"line":49,"column":null}},"7":{"start":{"line":53,"column":4},"end":{"line":57,"column":null}},"8":{"start":{"line":54,"column":8},"end":{"line":54,"column":null}},"9":{"start":{"line":56,"column":8},"end":{"line":56,"column":null}},"10":{"start":{"line":61,"column":35},"end":{"line":61,"column":null}},"11":{"start":{"line":64,"column":25},"end":{"line":64,"column":null}},"12":{"start":{"line":64,"column":69},"end":{"line":64,"column":78}},"13":{"start":{"line":65,"column":24},"end":{"line":65,"column":null}},"14":{"start":{"line":65,"column":80},"end":{"line":65,"column":87}},"15":{"start":{"line":67,"column":26},"end":{"line":67,"column":null}},"16":{"start":{"line":67,"column":71},"end":{"line":67,"column":80}},"17":{"start":{"line":68,"column":25},"end":{"line":68,"column":null}},"18":{"start":{"line":68,"column":83},"end":{"line":68,"column":90}},"19":{"start":{"line":70,"column":21},"end":{"line":70,"column":null}},"20":{"start":{"line":72,"column":21},"end":{"line":72,"column":null}},"21":{"start":{"line":72,"column":93},"end":{"line":72,"column":98}},"22":{"start":{"line":74,"column":16},"end":{"line":74,"column":null}},"23":{"start":{"line":76,"column":4},"end":{"line":118,"column":null}},"24":{"start":{"line":77,"column":8},"end":{"line":77,"column":null}},"25":{"start":{"line":77,"column":27},"end":{"line":77,"column":null}},"26":{"start":{"line":79,"column":27},"end":{"line":79,"column":null}},"27":{"start":{"line":80,"column":19},"end":{"line":80,"column":null}},"28":{"start":{"line":82,"column":8},"end":{"line":103,"column":null}},"29":{"start":{"line":84,"column":16},"end":{"line":84,"column":null}},"30":{"start":{"line":85,"column":16},"end":{"line":85,"column":null}},"31":{"start":{"line":86,"column":16},"end":{"line":86,"column":null}},"32":{"start":{"line":88,"column":16},"end":{"line":88,"column":null}},"33":{"start":{"line":89,"column":16},"end":{"line":89,"column":null}},"34":{"start":{"line":90,"column":16},"end":{"line":90,"column":null}},"35":{"start":{"line":92,"column":16},"end":{"line":92,"column":null}},"36":{"start":{"line":93,"column":16},"end":{"line":93,"column":null}},"37":{"start":{"line":94,"column":16},"end":{"line":94,"column":null}},"38":{"start":{"line":96,"column":16},"end":{"line":96,"column":null}},"39":{"start":{"line":97,"column":16},"end":{"line":97,"column":null}},"40":{"start":{"line":98,"column":16},"end":{"line":98,"column":null}},"41":{"start":{"line":100,"column":16},"end":{"line":100,"column":null}},"42":{"start":{"line":101,"column":16},"end":{"line":101,"column":null}},"43":{"start":{"line":102,"column":16},"end":{"line":102,"column":null}},"44":{"start":{"line":105,"column":23},"end":{"line":105,"column":null}},"45":{"start":{"line":106,"column":8},"end":{"line":108,"column":null}},"46":{"start":{"line":106,"column":35},"end":{"line":106,"column":null}},"47":{"start":{"line":107,"column":13},"end":{"line":108,"column":null}},"48":{"start":{"line":107,"column":41},"end":{"line":107,"column":null}},"49":{"start":{"line":108,"column":13},"end":{"line":108,"column":null}},"50":{"start":{"line":108,"column":40},"end":{"line":108,"column":null}},"51":{"start":{"line":110,"column":8},"end":{"line":117,"column":null}},"52":{"start":{"line":111,"column":12},"end":{"line":116,"column":null}},"53":{"start":{"line":120,"column":4},"end":{"line":120,"column":null}}},"fnMap":{"0":{"name":"getAlertRules","decl":{"start":{"line":40,"column":16},"end":{"line":40,"column":45}},"loc":{"start":{"line":40,"column":45},"end":{"line":50,"column":null}},"line":40},"1":{"name":"saveAlertRules","decl":{"start":{"line":52,"column":16},"end":{"line":52,"column":31}},"loc":{"start":{"line":52,"column":57},"end":{"line":58,"column":null}},"line":52},"2":{"name":"evaluateAlertRules","decl":{"start":{"line":60,"column":16},"end":{"line":60,"column":35}},"loc":{"start":{"line":60,"column":115},"end":{"line":121,"column":null}},"line":60},"3":{"name":"(anonymous_3)","decl":{"start":{"line":64,"column":55},"end":{"line":64,"column":63}},"loc":{"start":{"line":64,"column":69},"end":{"line":64,"column":78}},"line":64},"4":{"name":"(anonymous_4)","decl":{"start":{"line":65,"column":63},"end":{"line":65,"column":71}},"loc":{"start":{"line":65,"column":80},"end":{"line":65,"column":87}},"line":65},"5":{"name":"(anonymous_5)","decl":{"start":{"line":67,"column":57},"end":{"line":67,"column":65}},"loc":{"start":{"line":67,"column":71},"end":{"line":67,"column":80}},"line":67},"6":{"name":"(anonymous_6)","decl":{"start":{"line":68,"column":66},"end":{"line":68,"column":74}},"loc":{"start":{"line":68,"column":83},"end":{"line":68,"column":90}},"line":68},"7":{"name":"(anonymous_7)","decl":{"start":{"line":72,"column":82},"end":{"line":72,"column":87}},"loc":{"start":{"line":72,"column":93},"end":{"line":72,"column":98}},"line":72}},"branchMap":{"0":{"loc":{"start":{"line":43,"column":8},"end":{"line":45,"column":null}},"type":"if","locations":[{"start":{"line":43,"column":8},"end":{"line":45,"column":null}},{"start":{},"end":{}}],"line":43},"1":{"loc":{"start":{"line":60,"column":61},"end":{"line":60,"column":115}},"type":"default-arg","locations":[{"start":{"line":60,"column":82},"end":{"line":60,"column":115}}],"line":60},"2":{"loc":{"start":{"line":65,"column":24},"end":{"line":65,"column":null}},"type":"cond-expr","locations":[{"start":{"line":65,"column":50},"end":{"line":65,"column":114}},{"start":{"line":65,"column":114},"end":{"line":65,"column":null}}],"line":65},"3":{"loc":{"start":{"line":68,"column":25},"end":{"line":68,"column":null}},"type":"cond-expr","locations":[{"start":{"line":68,"column":52},"end":{"line":68,"column":118}},{"start":{"line":68,"column":118},"end":{"line":68,"column":null}}],"line":68},"4":{"loc":{"start":{"line":72,"column":21},"end":{"line":72,"column":null}},"type":"cond-expr","locations":[{"start":{"line":72,"column":52},"end":{"line":72,"column":103}},{"start":{"line":72,"column":103},"end":{"line":72,"column":null}}],"line":72},"5":{"loc":{"start":{"line":74,"column":16},"end":{"line":74,"column":null}},"type":"binary-expr","locations":[{"start":{"line":74,"column":16},"end":{"line":74,"column":65}},{"start":{"line":74,"column":65},"end":{"line":74,"column":null}}],"line":74},"6":{"loc":{"start":{"line":77,"column":8},"end":{"line":77,"column":null}},"type":"if","locations":[{"start":{"line":77,"column":8},"end":{"line":77,"column":null}},{"start":{},"end":{}}],"line":77},"7":{"loc":{"start":{"line":82,"column":8},"end":{"line":103,"column":null}},"type":"switch","locations":[{"start":{"line":83,"column":12},"end":{"line":86,"column":null}},{"start":{"line":87,"column":12},"end":{"line":90,"column":null}},{"start":{"line":91,"column":12},"end":{"line":94,"column":null}},{"start":{"line":95,"column":12},"end":{"line":98,"column":null}},{"start":{"line":99,"column":12},"end":{"line":102,"column":null}}],"line":82},"8":{"loc":{"start":{"line":106,"column":8},"end":{"line":108,"column":null}},"type":"if","locations":[{"start":{"line":106,"column":8},"end":{"line":108,"column":null}},{"start":{"line":107,"column":13},"end":{"line":108,"column":null}}],"line":106},"9":{"loc":{"start":{"line":107,"column":13},"end":{"line":108,"column":null}},"type":"if","locations":[{"start":{"line":107,"column":13},"end":{"line":108,"column":null}},{"start":{"line":108,"column":13},"end":{"line":108,"column":null}}],"line":107},"10":{"loc":{"start":{"line":108,"column":13},"end":{"line":108,"column":null}},"type":"if","locations":[{"start":{"line":108,"column":13},"end":{"line":108,"column":null}},{"start":{},"end":{}}],"line":108},"11":{"loc":{"start":{"line":110,"column":8},"end":{"line":117,"column":null}},"type":"if","locations":[{"start":{"line":110,"column":8},"end":{"line":117,"column":null}},{"start":{},"end":{}}],"line":110}},"s":{"0":2,"1":2,"2":4,"3":4,"4":4,"5":0,"6":4,"7":0,"8":0,"9":0,"10":7,"11":7,"12":5,"13":7,"14":5,"15":7,"16":5,"17":7,"18":5,"19":7,"20":7,"21":15,"22":7,"23":7,"24":28,"25":4,"26":24,"27":24,"28":24,"29":6,"30":6,"31":6,"32":6,"33":6,"34":6,"35":6,"36":6,"37":6,"38":6,"39":6,"40":6,"41":0,"42":0,"43":0,"44":24,"45":24,"46":24,"47":0,"48":0,"49":0,"50":0,"51":24,"52":7,"53":7},"f":{"0":4,"1":0,"2":7,"3":5,"4":5,"5":5,"6":5,"7":15},"b":{"0":[0,4],"1":[7],"2":[3,4],"3":[3,4],"4":[7,0],"5":[7,0],"6":[4,24],"7":[6,6,6,6,0],"8":[24,0],"9":[0,0],"10":[0,0],"11":[7,17]},"meta":{"lastBranch":12,"lastFunction":8,"lastStatement":54,"seen":{"s:3:27:3:Infinity":0,"s:5:48:38:Infinity":1,"f:40:16:40:45":0,"s:41:4:48:Infinity":2,"s:42:23:42:Infinity":3,"b:43:8:45:Infinity:undefined:undefined:undefined:undefined":0,"s:43:8:45:Infinity":4,"s:44:12:44:Infinity":5,"s:49:4:49:Infinity":6,"f:52:16:52:31":1,"s:53:4:57:Infinity":7,"s:54:8:54:Infinity":8,"s:56:8:56:Infinity":9,"f:60:16:60:35":2,"b:60:82:60:115":1,"s:61:35:61:Infinity":10,"s:64:25:64:Infinity":11,"f:64:55:64:63":3,"s:64:69:64:78":12,"s:65:24:65:Infinity":13,"b:65:50:65:114:65:114:65:Infinity":2,"f:65:63:65:71":4,"s:65:80:65:87":14,"s:67:26:67:Infinity":15,"f:67:57:67:65":5,"s:67:71:67:80":16,"s:68:25:68:Infinity":17,"b:68:52:68:118:68:118:68:Infinity":3,"f:68:66:68:74":6,"s:68:83:68:90":18,"s:70:21:70:Infinity":19,"s:72:21:72:Infinity":20,"b:72:52:72:103:72:103:72:Infinity":4,"f:72:82:72:87":7,"s:72:93:72:98":21,"s:74:16:74:Infinity":22,"b:74:16:74:65:74:65:74:Infinity":5,"s:76:4:118:Infinity":23,"b:77:8:77:Infinity:undefined:undefined:undefined:undefined":6,"s:77:8:77:Infinity":24,"s:77:27:77:Infinity":25,"s:79:27:79:Infinity":26,"s:80:19:80:Infinity":27,"b:83:12:86:Infinity:87:12:90:Infinity:91:12:94:Infinity:95:12:98:Infinity:99:12:102:Infinity":7,"s:82:8:103:Infinity":28,"s:84:16:84:Infinity":29,"s:85:16:85:Infinity":30,"s:86:16:86:Infinity":31,"s:88:16:88:Infinity":32,"s:89:16:89:Infinity":33,"s:90:16:90:Infinity":34,"s:92:16:92:Infinity":35,"s:93:16:93:Infinity":36,"s:94:16:94:Infinity":37,"s:96:16:96:Infinity":38,"s:97:16:97:Infinity":39,"s:98:16:98:Infinity":40,"s:100:16:100:Infinity":41,"s:101:16:101:Infinity":42,"s:102:16:102:Infinity":43,"s:105:23:105:Infinity":44,"b:106:8:108:Infinity:107:13:108:Infinity":8,"s:106:8:108:Infinity":45,"s:106:35:106:Infinity":46,"b:107:13:108:Infinity:108:13:108:Infinity":9,"s:107:13:108:Infinity":47,"s:107:41:107:Infinity":48,"b:108:13:108:Infinity:undefined:undefined:undefined:undefined":10,"s:108:13:108:Infinity":49,"s:108:40:108:Infinity":50,"b:110:8:117:Infinity:undefined:undefined:undefined:undefined":11,"s:110:8:117:Infinity":51,"s:111:12:116:Infinity":52,"s:120:4:120:Infinity":53},"fnNames":{}}}
,"/Users/natanaelfernandogattibrentano/azure-devops-dashboard/src/analytics.ts": {"path":"/Users/natanaelfernandogattibrentano/azure-devops-dashboard/src/analytics.ts","statementMap":{"0":{"start":{"line":62,"column":32},"end":{"line":62,"column":null}},"1":{"start":{"line":63,"column":44},"end":{"line":63,"column":null}},"2":{"start":{"line":64,"column":29},"end":{"line":64,"column":null}},"3":{"start":{"line":65,"column":35},"end":{"line":65,"column":null}},"4":{"start":{"line":66,"column":69},"end":{"line":66,"column":null}},"5":{"start":{"line":67,"column":51},"end":{"line":67,"column":null}},"6":{"start":{"line":68,"column":17},"end":{"line":68,"column":null}},"7":{"start":{"line":69,"column":16},"end":{"line":69,"column":null}},"8":{"start":{"line":71,"column":4},"end":{"line":126,"column":null}},"9":{"start":{"line":72,"column":18},"end":{"line":72,"column":null}},"10":{"start":{"line":73,"column":28},"end":{"line":73,"column":null}},"11":{"start":{"line":74,"column":30},"end":{"line":76,"column":null}},"12":{"start":{"line":77,"column":30},"end":{"line":77,"column":null}},"13":{"start":{"line":78,"column":27},"end":{"line":78,"column":null}},"14":{"start":{"line":79,"column":26},"end":{"line":79,"column":null}},"15":{"start":{"line":80,"column":28},"end":{"line":80,"column":null}},"16":{"start":{"line":82,"column":27},"end":{"line":82,"column":null}},"17":{"start":{"line":83,"column":8},"end":{"line":85,"column":null}},"18":{"start":{"line":83,"column":44},"end":{"line":83,"column":null}},"19":{"start":{"line":84,"column":13},"end":{"line":85,"column":null}},"20":{"start":{"line":84,"column":53},"end":{"line":84,"column":null}},"21":{"start":{"line":85,"column":13},"end":{"line":85,"column":null}},"22":{"start":{"line":85,"column":80},"end":{"line":85,"column":null}},"23":{"start":{"line":87,"column":8},"end":{"line":93,"column":null}},"24":{"start":{"line":88,"column":12},"end":{"line":88,"column":null}},"25":{"start":{"line":89,"column":12},"end":{"line":91,"column":null}},"26":{"start":{"line":92,"column":12},"end":{"line":92,"column":null}},"27":{"start":{"line":95,"column":22},"end":{"line":95,"column":null}},"28":{"start":{"line":96,"column":25},"end":{"line":96,"column":null}},"29":{"start":{"line":98,"column":8},"end":{"line":110,"column":null}},"30":{"start":{"line":99,"column":29},"end":{"line":99,"column":null}},"31":{"start":{"line":100,"column":18},"end":{"line":100,"column":null}},"32":{"start":{"line":102,"column":12},"end":{"line":109,"column":null}},"33":{"start":{"line":112,"column":8},"end":{"line":125,"column":null}},"34":{"start":{"line":113,"column":29},"end":{"line":113,"column":null}},"35":{"start":{"line":114,"column":18},"end":{"line":119,"column":null}},"36":{"start":{"line":120,"column":12},"end":{"line":120,"column":null}},"37":{"start":{"line":120,"column":41},"end":{"line":120,"column":null}},"38":{"start":{"line":121,"column":12},"end":{"line":121,"column":null}},"39":{"start":{"line":123,"column":33},"end":{"line":123,"column":null}},"40":{"start":{"line":124,"column":12},"end":{"line":124,"column":null}},"41":{"start":{"line":129,"column":21},"end":{"line":142,"column":null}},"42":{"start":{"line":130,"column":26},"end":{"line":130,"column":114}},"43":{"start":{"line":132,"column":22},"end":{"line":132,"column":null}},"44":{"start":{"line":133,"column":31},"end":{"line":133,"column":null}},"45":{"start":{"line":134,"column":33},"end":{"line":134,"column":null}},"46":{"start":{"line":135,"column":30},"end":{"line":135,"column":null}},"47":{"start":{"line":137,"column":12},"end":{"line":141,"column":null}},"48":{"start":{"line":144,"column":38},"end":{"line":144,"column":null}},"49":{"start":{"line":145,"column":25},"end":{"line":145,"column":null}},"50":{"start":{"line":146,"column":4},"end":{"line":161,"column":null}},"51":{"start":{"line":146,"column":17},"end":{"line":146,"column":35}},"52":{"start":{"line":147,"column":18},"end":{"line":147,"column":null}},"53":{"start":{"line":148,"column":8},"end":{"line":148,"column":null}},"54":{"start":{"line":149,"column":8},"end":{"line":149,"column":null}},"55":{"start":{"line":150,"column":18},"end":{"line":150,"column":null}},"56":{"start":{"line":151,"column":37},"end":{"line":151,"column":null}},"57":{"start":{"line":153,"column":8},"end":{"line":159,"column":null}},"58":{"start":{"line":154,"column":12},"end":{"line":158,"column":null}},"59":{"start":{"line":155,"column":16},"end":{"line":157,"column":null}},"60":{"start":{"line":155,"column":70},"end":{"line":155,"column":null}},"61":{"start":{"line":156,"column":21},"end":{"line":157,"column":null}},"62":{"start":{"line":156,"column":81},"end":{"line":156,"column":null}},"63":{"start":{"line":157,"column":21},"end":{"line":157,"column":null}},"64":{"start":{"line":160,"column":8},"end":{"line":160,"column":null}},"65":{"start":{"line":163,"column":48},"end":{"line":163,"column":null}},"66":{"start":{"line":164,"column":4},"end":{"line":171,"column":null}},"67":{"start":{"line":165,"column":18},"end":{"line":165,"column":null}},"68":{"start":{"line":166,"column":30},"end":{"line":166,"column":null}},"69":{"start":{"line":167,"column":8},"end":{"line":170,"column":null}},"70":{"start":{"line":168,"column":28},"end":{"line":168,"column":null}},"71":{"start":{"line":169,"column":12},"end":{"line":169,"column":null}},"72":{"start":{"line":173,"column":50},"end":{"line":173,"column":null}},"73":{"start":{"line":175,"column":42},"end":{"line":175,"column":null}},"74":{"start":{"line":176,"column":4},"end":{"line":185,"column":null}},"75":{"start":{"line":177,"column":18},"end":{"line":177,"column":null}},"76":{"start":{"line":178,"column":30},"end":{"line":178,"column":null}},"77":{"start":{"line":179,"column":8},"end":{"line":179,"column":null}},"78":{"start":{"line":179,"column":28},"end":{"line":179,"column":null}},"79":{"start":{"line":180,"column":22},"end":{"line":180,"column":null}},"80":{"start":{"line":181,"column":8},"end":{"line":181,"column":null}},"81":{"start":{"line":181,"column":56},"end":{"line":181,"column":null}},"82":{"start":{"line":183,"column":23},"end":{"line":183,"column":null}},"83":{"start":{"line":184,"column":8},"end":{"line":184,"column":null}},"84":{"start":{"line":184,"column":64},"end":{"line":184,"column":null}},"85":{"start":{"line":187,"column":4},"end":{"line":224,"column":null}},"86":{"start":{"line":188,"column":31},"end":{"line":188,"column":null}},"87":{"start":{"line":189,"column":8},"end":{"line":189,"column":null}},"88":{"start":{"line":190,"column":8},"end":{"line":190,"column":null}},"89":{"start":{"line":192,"column":33},"end":{"line":192,"column":null}},"90":{"start":{"line":193,"column":8},"end":{"line":193,"column":null}},"91":{"start":{"line":194,"column":8},"end":{"line":194,"column":null}},"92":{"start":{"line":196,"column":25},"end":{"line":196,"column":null}},"93":{"start":{"line":197,"column":25},"end":{"line":197,"column":null}},"94":{"start":{"line":199,"column":8},"end":{"line":223,"column":null}},"95":{"start":{"line":199,"column":21},"end":{"line":199,"column":24}},"96":{"start":{"line":200,"column":32},"end":{"line":200,"column":null}},"97":{"start":{"line":201,"column":12},"end":{"line":201,"column":null}},"98":{"start":{"line":202,"column":30},"end":{"line":202,"column":null}},"99":{"start":{"line":203,"column":12},"end":{"line":203,"column":null}},"100":{"start":{"line":204,"column":12},"end":{"line":204,"column":null}},"101":{"start":{"line":206,"column":24},"end":{"line":206,"column":null}},"102":{"start":{"line":207,"column":12},"end":{"line":216,"column":null}},"103":{"start":{"line":208,"column":26},"end":{"line":208,"column":null}},"104":{"start":{"line":209,"column":38},"end":{"line":209,"column":null}},"105":{"start":{"line":210,"column":16},"end":{"line":210,"column":null}},"106":{"start":{"line":210,"column":36},"end":{"line":210,"column":null}},"107":{"start":{"line":211,"column":30},"end":{"line":211,"column":null}},"108":{"start":{"line":212,"column":16},"end":{"line":212,"column":null}},"109":{"start":{"line":212,"column":64},"end":{"line":212,"column":null}},"110":{"start":{"line":214,"column":31},"end":{"line":214,"column":null}},"111":{"start":{"line":215,"column":16},"end":{"line":215,"column":null}},"112":{"start":{"line":215,"column":66},"end":{"line":215,"column":null}},"113":{"start":{"line":218,"column":12},"end":{"line":222,"column":null}},"114":{"start":{"line":227,"column":26},"end":{"line":251,"column":null}},"115":{"start":{"line":229,"column":22},"end":{"line":229,"column":null}},"116":{"start":{"line":230,"column":34},"end":{"line":230,"column":null}},"117":{"start":{"line":231,"column":12},"end":{"line":231,"column":null}},"118":{"start":{"line":234,"column":22},"end":{"line":234,"column":null}},"119":{"start":{"line":235,"column":32},"end":{"line":235,"column":null}},"120":{"start":{"line":236,"column":34},"end":{"line":238,"column":null}},"121":{"start":{"line":239,"column":34},"end":{"line":239,"column":null}},"122":{"start":{"line":240,"column":31},"end":{"line":240,"column":null}},"123":{"start":{"line":241,"column":30},"end":{"line":241,"column":null}},"124":{"start":{"line":243,"column":12},"end":{"line":250,"column":null}},"125":{"start":{"line":253,"column":30},"end":{"line":253,"column":null}},"126":{"start":{"line":253,"column":55},"end":{"line":253,"column":58}},"127":{"start":{"line":253,"column":75},"end":{"line":253,"column":80}},"128":{"start":{"line":254,"column":10},"end":{"line":258,"column":null}},"129":{"start":{"line":255,"column":8},"end":{"line":255,"column":null}},"130":{"start":{"line":255,"column":44},"end":{"line":255,"column":null}},"131":{"start":{"line":256,"column":20},"end":{"line":256,"column":null}},"132":{"start":{"line":257,"column":8},"end":{"line":257,"column":null}},"133":{"start":{"line":260,"column":24},"end":{"line":265,"column":null}},"134":{"start":{"line":268,"column":20},"end":{"line":268,"column":null}},"135":{"start":{"line":270,"column":24},"end":{"line":270,"column":null}},"136":{"start":{"line":273,"column":52},"end":{"line":273,"column":null}},"137":{"start":{"line":274,"column":4},"end":{"line":276,"column":null}},"138":{"start":{"line":275,"column":8},"end":{"line":275,"column":null}},"139":{"start":{"line":279,"column":31},"end":{"line":295,"column":null}},"140":{"start":{"line":297,"column":29},"end":{"line":297,"column":null}},"141":{"start":{"line":298,"column":25},"end":{"line":298,"column":null}},"142":{"start":{"line":299,"column":22},"end":{"line":299,"column":null}},"143":{"start":{"line":302,"column":26},"end":{"line":307,"column":null}},"144":{"start":{"line":303,"column":22},"end":{"line":303,"column":null}},"145":{"start":{"line":304,"column":8},"end":{"line":304,"column":null}},"146":{"start":{"line":304,"column":56},"end":{"line":304,"column":null}},"147":{"start":{"line":305,"column":26},"end":{"line":305,"column":null}},"148":{"start":{"line":306,"column":8},"end":{"line":306,"column":null}},"149":{"start":{"line":309,"column":25},"end":{"line":309,"column":null}},"150":{"start":{"line":311,"column":4},"end":{"line":329,"column":null}},"151":{"start":{"line":333,"column":35},"end":{"line":333,"column":null}},"152":{"start":{"line":334,"column":14},"end":{"line":334,"column":null}},"153":{"start":{"line":337,"column":23},"end":{"line":337,"column":null}},"154":{"start":{"line":337,"column":55},"end":{"line":337,"column":66}},"155":{"start":{"line":338,"column":4},"end":{"line":345,"column":null}},"156":{"start":{"line":339,"column":8},"end":{"line":344,"column":null}},"157":{"start":{"line":348,"column":30},"end":{"line":351,"column":null}},"158":{"start":{"line":349,"column":22},"end":{"line":349,"column":null}},"159":{"start":{"line":350,"column":8},"end":{"line":350,"column":null}},"160":{"start":{"line":352,"column":4},"end":{"line":359,"column":null}},"161":{"start":{"line":353,"column":25},"end":{"line":353,"column":null}},"162":{"start":{"line":353,"column":59},"end":{"line":353,"column":72}},"163":{"start":{"line":354,"column":8},"end":{"line":358,"column":null}},"164":{"start":{"line":362,"column":4},"end":{"line":371,"column":null}},"165":{"start":{"line":363,"column":30},"end":{"line":363,"column":null}},"166":{"start":{"line":364,"column":8},"end":{"line":370,"column":null}},"167":{"start":{"line":365,"column":12},"end":{"line":369,"column":null}},"168":{"start":{"line":373,"column":4},"end":{"line":373,"column":null}},"169":{"start":{"line":377,"column":22},"end":{"line":377,"column":null}},"170":{"start":{"line":378,"column":4},"end":{"line":378,"column":null}},"171":{"start":{"line":378,"column":20},"end":{"line":378,"column":null}},"172":{"start":{"line":380,"column":4},"end":{"line":384,"column":null}},"173":{"start":{"line":381,"column":8},"end":{"line":381,"column":null}},"174":{"start":{"line":382,"column":8},"end":{"line":382,"column":null}},"175":{"start":{"line":383,"column":8},"end":{"line":383,"column":null}},"176":{"start":{"line":386,"column":4},"end":{"line":386,"column":null}},"177":{"start":{"line":387,"column":4},"end":{"line":406,"column":null}},"178":{"start":{"line":390,"column":16},"end":{"line":394,"column":null}},"179":{"start":{"line":395,"column":31},"end":{"line":395,"column":null}},"180":{"start":{"line":396,"column":12},"end":{"line":401,"column":null}},"181":{"start":{"line":410,"column":25},"end":{"line":410,"column":null}},"182":{"start":{"line":411,"column":28},"end":{"line":411,"column":null}},"183":{"start":{"line":412,"column":29},"end":{"line":412,"column":null}},"184":{"start":{"line":413,"column":19},"end":{"line":413,"column":null}},"185":{"start":{"line":414,"column":24},"end":{"line":414,"column":null}},"186":{"start":{"line":415,"column":25},"end":{"line":415,"column":null}},"187":{"start":{"line":416,"column":28},"end":{"line":416,"column":null}},"188":{"start":{"line":419,"column":4},"end":{"line":419,"column":null}},"189":{"start":{"line":422,"column":4},"end":{"line":422,"column":null}},"190":{"start":{"line":423,"column":4},"end":{"line":423,"column":null}},"191":{"start":{"line":424,"column":4},"end":{"line":424,"column":null}},"192":{"start":{"line":425,"column":4},"end":{"line":425,"column":null}},"193":{"start":{"line":426,"column":4},"end":{"line":426,"column":null}},"194":{"start":{"line":427,"column":4},"end":{"line":429,"column":null}},"195":{"start":{"line":428,"column":8},"end":{"line":428,"column":null}},"196":{"start":{"line":432,"column":4},"end":{"line":434,"column":null}},"197":{"start":{"line":433,"column":8},"end":{"line":433,"column":null}},"198":{"start":{"line":436,"column":4},"end":{"line":438,"column":null}},"199":{"start":{"line":437,"column":8},"end":{"line":437,"column":null}},"200":{"start":{"line":439,"column":4},"end":{"line":439,"column":null}},"201":{"start":{"line":441,"column":4},"end":{"line":441,"column":null}},"202":{"start":{"line":442,"column":4},"end":{"line":442,"column":null}},"203":{"start":{"line":442,"column":25},"end":{"line":442,"column":null}},"204":{"start":{"line":445,"column":10},"end":{"line":445,"column":null}},"205":{"start":{"line":445,"column":34},"end":{"line":445,"column":null}},"206":{"start":{"line":447,"column":10},"end":{"line":450,"column":null}},"207":{"start":{"line":448,"column":19},"end":{"line":448,"column":null}},"208":{"start":{"line":449,"column":8},"end":{"line":449,"column":null}},"209":{"start":{"line":449,"column":16},"end":{"line":449,"column":null}},"210":{"start":{"line":452,"column":4},"end":{"line":452,"column":null}},"211":{"start":{"line":453,"column":4},"end":{"line":453,"column":null}},"212":{"start":{"line":454,"column":4},"end":{"line":454,"column":null}},"213":{"start":{"line":455,"column":4},"end":{"line":455,"column":null}},"214":{"start":{"line":456,"column":4},"end":{"line":456,"column":null}},"215":{"start":{"line":457,"column":4},"end":{"line":457,"column":null}},"216":{"start":{"line":458,"column":4},"end":{"line":458,"column":null}},"217":{"start":{"line":459,"column":4},"end":{"line":459,"column":null}},"218":{"start":{"line":462,"column":4},"end":{"line":485,"column":null}},"219":{"start":{"line":463,"column":30},"end":{"line":463,"column":null}},"220":{"start":{"line":464,"column":8},"end":{"line":464,"column":null}},"221":{"start":{"line":464,"column":27},"end":{"line":464,"column":null}},"222":{"start":{"line":466,"column":14},"end":{"line":476,"column":null}},"223":{"start":{"line":467,"column":26},"end":{"line":467,"column":null}},"224":{"start":{"line":468,"column":28},"end":{"line":468,"column":null}},"225":{"start":{"line":469,"column":27},"end":{"line":469,"column":null}},"226":{"start":{"line":470,"column":12},"end":{"line":470,"column":null}},"227":{"start":{"line":470,"column":23},"end":{"line":470,"column":null}},"228":{"start":{"line":471,"column":12},"end":{"line":475,"column":null}},"229":{"start":{"line":472,"column":16},"end":{"line":472,"column":null}},"230":{"start":{"line":473,"column":16},"end":{"line":473,"column":null}},"231":{"start":{"line":474,"column":16},"end":{"line":474,"column":null}},"232":{"start":{"line":478,"column":8},"end":{"line":478,"column":null}},"233":{"start":{"line":479,"column":8},"end":{"line":479,"column":null}},"234":{"start":{"line":480,"column":8},"end":{"line":480,"column":null}},"235":{"start":{"line":481,"column":8},"end":{"line":481,"column":null}},"236":{"start":{"line":483,"column":30},"end":{"line":483,"column":null}},"237":{"start":{"line":484,"column":8},"end":{"line":484,"column":null}},"238":{"start":{"line":484,"column":27},"end":{"line":484,"column":null}},"239":{"start":{"line":488,"column":4},"end":{"line":488,"column":null}},"240":{"start":{"line":491,"column":4},"end":{"line":491,"column":null}},"241":{"start":{"line":494,"column":4},"end":{"line":494,"column":null}},"242":{"start":{"line":502,"column":22},"end":{"line":502,"column":null}},"243":{"start":{"line":503,"column":4},"end":{"line":503,"column":null}},"244":{"start":{"line":503,"column":20},"end":{"line":503,"column":null}},"245":{"start":{"line":505,"column":4},"end":{"line":509,"column":null}},"246":{"start":{"line":506,"column":8},"end":{"line":506,"column":null}},"247":{"start":{"line":507,"column":8},"end":{"line":507,"column":null}},"248":{"start":{"line":508,"column":8},"end":{"line":508,"column":null}},"249":{"start":{"line":511,"column":4},"end":{"line":511,"column":null}},"250":{"start":{"line":512,"column":14},"end":{"line":512,"column":null}},"251":{"start":{"line":514,"column":4},"end":{"line":536,"column":null}},"252":{"start":{"line":519,"column":24},"end":{"line":519,"column":null}},"253":{"start":{"line":520,"column":20},"end":{"line":530,"column":null}},"254":{"start":{"line":542,"column":28},"end":{"line":542,"column":null}},"255":{"start":{"line":543,"column":29},"end":{"line":543,"column":null}},"256":{"start":{"line":544,"column":26},"end":{"line":544,"column":null}},"257":{"start":{"line":545,"column":22},"end":{"line":545,"column":null}},"258":{"start":{"line":548,"column":4},"end":{"line":564,"column":null}},"259":{"start":{"line":549,"column":8},"end":{"line":549,"column":null}},"260":{"start":{"line":550,"column":26},"end":{"line":550,"column":null}},"261":{"start":{"line":551,"column":8},"end":{"line":557,"column":null}},"262":{"start":{"line":552,"column":22},"end":{"line":552,"column":null}},"263":{"start":{"line":553,"column":12},"end":{"line":556,"column":null}},"264":{"start":{"line":554,"column":16},"end":{"line":554,"column":null}},"265":{"start":{"line":555,"column":16},"end":{"line":555,"column":null}},"266":{"start":{"line":558,"column":8},"end":{"line":558,"column":null}},"267":{"start":{"line":559,"column":8},"end":{"line":563,"column":null}},"268":{"start":{"line":560,"column":12},"end":{"line":560,"column":null}},"269":{"start":{"line":566,"column":4},"end":{"line":574,"column":null}},"270":{"start":{"line":567,"column":8},"end":{"line":567,"column":null}},"271":{"start":{"line":568,"column":8},"end":{"line":572,"column":null}},"272":{"start":{"line":569,"column":12},"end":{"line":569,"column":null}},"273":{"start":{"line":573,"column":8},"end":{"line":573,"column":null}},"274":{"start":{"line":576,"column":26},"end":{"line":579,"column":null}},"275":{"start":{"line":577,"column":21},"end":{"line":577,"column":null}},"276":{"start":{"line":578,"column":8},"end":{"line":578,"column":null}},"277":{"start":{"line":581,"column":20},"end":{"line":581,"column":null}},"278":{"start":{"line":582,"column":4},"end":{"line":582,"column":null}},"279":{"start":{"line":590,"column":50},"end":{"line":590,"column":null}},"280":{"start":{"line":591,"column":29},"end":{"line":591,"column":null}},"281":{"start":{"line":593,"column":4},"end":{"line":632,"column":null}},"282":{"start":{"line":594,"column":26},"end":{"line":594,"column":null}},"283":{"start":{"line":595,"column":8},"end":{"line":595,"column":null}},"284":{"start":{"line":595,"column":50},"end":{"line":595,"column":null}},"285":{"start":{"line":596,"column":8},"end":{"line":596,"column":null}},"286":{"start":{"line":599,"column":23},"end":{"line":603,"column":null}},"287":{"start":{"line":601,"column":16},"end":{"line":602,"column":null}},"288":{"start":{"line":606,"column":8},"end":{"line":619,"column":null}},"289":{"start":{"line":606,"column":21},"end":{"line":606,"column":24}},"290":{"start":{"line":607,"column":28},"end":{"line":607,"column":null}},"291":{"start":{"line":608,"column":25},"end":{"line":608,"column":null}},"292":{"start":{"line":610,"column":25},"end":{"line":610,"column":null}},"293":{"start":{"line":611,"column":12},"end":{"line":611,"column":null}},"294":{"start":{"line":611,"column":22},"end":{"line":611,"column":null}},"295":{"start":{"line":613,"column":26},"end":{"line":613,"column":null}},"296":{"start":{"line":614,"column":24},"end":{"line":614,"column":null}},"297":{"start":{"line":615,"column":18},"end":{"line":615,"column":null}},"298":{"start":{"line":617,"column":12},"end":{"line":617,"column":null}},"299":{"start":{"line":617,"column":35},"end":{"line":617,"column":null}},"300":{"start":{"line":618,"column":12},"end":{"line":618,"column":null}},"301":{"start":{"line":622,"column":24},"end":{"line":622,"column":null}},"302":{"start":{"line":623,"column":26},"end":{"line":623,"column":null}},"303":{"start":{"line":624,"column":8},"end":{"line":631,"column":null}},"304":{"start":{"line":625,"column":25},"end":{"line":625,"column":null}},"305":{"start":{"line":626,"column":26},"end":{"line":626,"column":null}},"306":{"start":{"line":627,"column":18},"end":{"line":627,"column":null}},"307":{"start":{"line":629,"column":12},"end":{"line":629,"column":null}},"308":{"start":{"line":629,"column":35},"end":{"line":629,"column":null}},"309":{"start":{"line":630,"column":12},"end":{"line":630,"column":null}},"310":{"start":{"line":634,"column":4},"end":{"line":634,"column":null}},"311":{"start":{"line":637,"column":40},"end":{"line":643,"column":null}},"312":{"start":{"line":638,"column":39},"end":{"line":641,"column":10}},"313":{"start":{"line":640,"column":71},"end":{"line":640,"column":78}},"314":{"start":{"line":642,"column":23},"end":{"line":642,"column":39}},"315":{"start":{"line":643,"column":24},"end":{"line":643,"column":45}},"316":{"start":{"line":645,"column":4},"end":{"line":645,"column":null}},"317":{"start":{"line":646,"column":4},"end":{"line":646,"column":null}}},"fnMap":{"0":{"name":"computeMetrics","decl":{"start":{"line":55,"column":16},"end":{"line":55,"column":null}},"loc":{"start":{"line":61,"column":19},"end":{"line":330,"column":null}},"line":61},"1":{"name":"(anonymous_1)","decl":{"start":{"line":71,"column":18},"end":{"line":71,"column":27}},"loc":{"start":{"line":71,"column":36},"end":{"line":126,"column":5}},"line":71},"2":{"name":"(anonymous_2)","decl":{"start":{"line":130,"column":9},"end":{"line":130,"column":17}},"loc":{"start":{"line":130,"column":26},"end":{"line":130,"column":114}},"line":130},"3":{"name":"(anonymous_3)","decl":{"start":{"line":131,"column":9},"end":{"line":131,"column":14}},"loc":{"start":{"line":131,"column":23},"end":{"line":142,"column":9}},"line":131},"4":{"name":"(anonymous_4)","decl":{"start":{"line":153,"column":17},"end":{"line":153,"column":26}},"loc":{"start":{"line":153,"column":35},"end":{"line":159,"column":9}},"line":153},"5":{"name":"(anonymous_5)","decl":{"start":{"line":164,"column":18},"end":{"line":164,"column":27}},"loc":{"start":{"line":164,"column":36},"end":{"line":171,"column":5}},"line":164},"6":{"name":"(anonymous_6)","decl":{"start":{"line":207,"column":26},"end":{"line":207,"column":35}},"loc":{"start":{"line":207,"column":44},"end":{"line":216,"column":13}},"line":207},"7":{"name":"(anonymous_7)","decl":{"start":{"line":228,"column":9},"end":{"line":228,"column":17}},"loc":{"start":{"line":228,"column":26},"end":{"line":232,"column":9}},"line":228},"8":{"name":"(anonymous_8)","decl":{"start":{"line":233,"column":9},"end":{"line":233,"column":14}},"loc":{"start":{"line":233,"column":23},"end":{"line":251,"column":9}},"line":233},"9":{"name":"(anonymous_9)","decl":{"start":{"line":253,"column":44},"end":{"line":253,"column":49}},"loc":{"start":{"line":253,"column":55},"end":{"line":253,"column":58}},"line":253},"10":{"name":"(anonymous_10)","decl":{"start":{"line":253,"column":60},"end":{"line":253,"column":66}},"loc":{"start":{"line":253,"column":75},"end":{"line":253,"column":80}},"line":253},"11":{"name":"(anonymous_11)","decl":{"start":{"line":254,"column":10},"end":{"line":254,"column":27}},"loc":{"start":{"line":254,"column":41},"end":{"line":258,"column":null}},"line":254},"12":{"name":"(anonymous_12)","decl":{"start":{"line":302,"column":40},"end":{"line":302,"column":48}},"loc":{"start":{"line":302,"column":57},"end":{"line":307,"column":5}},"line":302},"13":{"name":"calculateAnomalies","decl":{"start":{"line":332,"column":16},"end":{"line":332,"column":35}},"loc":{"start":{"line":332,"column":121},"end":{"line":374,"column":null}},"line":332},"14":{"name":"(anonymous_14)","decl":{"start":{"line":337,"column":41},"end":{"line":337,"column":49}},"loc":{"start":{"line":337,"column":55},"end":{"line":337,"column":66}},"line":337},"15":{"name":"(anonymous_15)","decl":{"start":{"line":348,"column":69},"end":{"line":348,"column":77}},"loc":{"start":{"line":348,"column":94},"end":{"line":351,"column":5}},"line":348},"16":{"name":"(anonymous_16)","decl":{"start":{"line":353,"column":43},"end":{"line":353,"column":48}},"loc":{"start":{"line":353,"column":59},"end":{"line":353,"column":72}},"line":353},"17":{"name":"renderAnomalies","decl":{"start":{"line":376,"column":16},"end":{"line":376,"column":32}},"loc":{"start":{"line":376,"column":59},"end":{"line":407,"column":null}},"line":376},"18":{"name":"(anonymous_18)","decl":{"start":{"line":388,"column":9},"end":{"line":388,"column":14}},"loc":{"start":{"line":388,"column":20},"end":{"line":405,"column":9}},"line":388},"19":{"name":"renderAll","decl":{"start":{"line":409,"column":16},"end":{"line":409,"column":26}},"loc":{"start":{"line":409,"column":117},"end":{"line":495,"column":null}},"line":409},"20":{"name":"(anonymous_20)","decl":{"start":{"line":436,"column":74},"end":{"line":436,"column":null}},"loc":{"start":{"line":437,"column":8},"end":{"line":437,"column":null}},"line":437},"21":{"name":"(anonymous_21)","decl":{"start":{"line":445,"column":10},"end":{"line":445,"column":17}},"loc":{"start":{"line":445,"column":34},"end":{"line":445,"column":null}},"line":445},"22":{"name":"(anonymous_22)","decl":{"start":{"line":447,"column":10},"end":{"line":447,"column":31}},"loc":{"start":{"line":447,"column":69},"end":{"line":450,"column":null}},"line":447},"23":{"name":"(anonymous_23)","decl":{"start":{"line":466,"column":14},"end":{"line":466,"column":32}},"loc":{"start":{"line":466,"column":102},"end":{"line":476,"column":null}},"line":466},"24":{"name":"renderSLAStats","decl":{"start":{"line":497,"column":16},"end":{"line":497,"column":null}},"loc":{"start":{"line":501,"column":2},"end":{"line":539,"column":null}},"line":501},"25":{"name":"(anonymous_25)","decl":{"start":{"line":517,"column":17},"end":{"line":517,"column":22}},"loc":{"start":{"line":517,"column":28},"end":{"line":535,"column":17}},"line":517},"26":{"name":"processAnalytics","decl":{"start":{"line":541,"column":16},"end":{"line":541,"column":33}},"loc":{"start":{"line":541,"column":117},"end":{"line":583,"column":null}},"line":541},"27":{"name":"(anonymous_27)","decl":{"start":{"line":551,"column":14},"end":{"line":551,"column":23}},"loc":{"start":{"line":551,"column":32},"end":{"line":557,"column":9}},"line":551},"28":{"name":"(anonymous_28)","decl":{"start":{"line":566,"column":78},"end":{"line":566,"column":96}},"loc":{"start":{"line":566,"column":115},"end":{"line":574,"column":5}},"line":566},"29":{"name":"(anonymous_29)","decl":{"start":{"line":576,"column":32},"end":{"line":576,"column":40}},"loc":{"start":{"line":576,"column":49},"end":{"line":579,"column":5}},"line":576},"30":{"name":"calculateBottlenecks","decl":{"start":{"line":585,"column":16},"end":{"line":585,"column":null}},"loc":{"start":{"line":589,"column":22},"end":{"line":647,"column":null}},"line":589},"31":{"name":"(anonymous_31)","decl":{"start":{"line":593,"column":10},"end":{"line":593,"column":19}},"loc":{"start":{"line":593,"column":28},"end":{"line":632,"column":5}},"line":593},"32":{"name":"(anonymous_32)","decl":{"start":{"line":599,"column":38},"end":{"line":599,"column":null}},"loc":{"start":{"line":601,"column":16},"end":{"line":602,"column":null}},"line":601},"33":{"name":"(anonymous_33)","decl":{"start":{"line":638,"column":9},"end":{"line":638,"column":14}},"loc":{"start":{"line":638,"column":39},"end":{"line":641,"column":10}},"line":638},"34":{"name":"(anonymous_34)","decl":{"start":{"line":640,"column":54},"end":{"line":640,"column":62}},"loc":{"start":{"line":640,"column":71},"end":{"line":640,"column":78}},"line":640},"35":{"name":"(anonymous_35)","decl":{"start":{"line":642,"column":9},"end":{"line":642,"column":17}},"loc":{"start":{"line":642,"column":23},"end":{"line":642,"column":39}},"line":642},"36":{"name":"(anonymous_36)","decl":{"start":{"line":643,"column":9},"end":{"line":643,"column":15}},"loc":{"start":{"line":643,"column":24},"end":{"line":643,"column":45}},"line":643}},"branchMap":{"0":{"loc":{"start":{"line":60,"column":4},"end":{"line":60,"column":null}},"type":"default-arg","locations":[{"start":{"line":60,"column":14},"end":{"line":60,"column":null}}],"line":60},"1":{"loc":{"start":{"line":74,"column":30},"end":{"line":76,"column":null}},"type":"cond-expr","locations":[{"start":{"line":75,"column":14},"end":{"line":75,"column":null}},{"start":{"line":76,"column":14},"end":{"line":76,"column":null}}],"line":74},"2":{"loc":{"start":{"line":77,"column":30},"end":{"line":77,"column":null}},"type":"binary-expr","locations":[{"start":{"line":77,"column":30},"end":{"line":77,"column":71}},{"start":{"line":77,"column":71},"end":{"line":77,"column":null}}],"line":77},"3":{"loc":{"start":{"line":78,"column":27},"end":{"line":78,"column":null}},"type":"cond-expr","locations":[{"start":{"line":78,"column":43},"end":{"line":78,"column":79}},{"start":{"line":78,"column":79},"end":{"line":78,"column":null}}],"line":78},"4":{"loc":{"start":{"line":83,"column":8},"end":{"line":85,"column":null}},"type":"if","locations":[{"start":{"line":83,"column":8},"end":{"line":85,"column":null}},{"start":{"line":84,"column":13},"end":{"line":85,"column":null}}],"line":83},"5":{"loc":{"start":{"line":84,"column":13},"end":{"line":85,"column":null}},"type":"if","locations":[{"start":{"line":84,"column":13},"end":{"line":85,"column":null}},{"start":{"line":85,"column":13},"end":{"line":85,"column":null}}],"line":84},"6":{"loc":{"start":{"line":85,"column":13},"end":{"line":85,"column":null}},"type":"if","locations":[{"start":{"line":85,"column":13},"end":{"line":85,"column":null}},{"start":{},"end":{}}],"line":85},"7":{"loc":{"start":{"line":85,"column":17},"end":{"line":85,"column":80}},"type":"binary-expr","locations":[{"start":{"line":85,"column":17},"end":{"line":85,"column":48}},{"start":{"line":85,"column":48},"end":{"line":85,"column":80}}],"line":85},"8":{"loc":{"start":{"line":87,"column":8},"end":{"line":93,"column":null}},"type":"if","locations":[{"start":{"line":87,"column":8},"end":{"line":93,"column":null}},{"start":{},"end":{}}],"line":87},"9":{"loc":{"start":{"line":87,"column":12},"end":{"line":87,"column":56}},"type":"binary-expr","locations":[{"start":{"line":87,"column":12},"end":{"line":87,"column":26}},{"start":{"line":87,"column":26},"end":{"line":87,"column":56}}],"line":87},"10":{"loc":{"start":{"line":90,"column":16},"end":{"line":90,"column":null}},"type":"cond-expr","locations":[{"start":{"line":90,"column":16},"end":{"line":90,"column":120}},{"start":{"line":90,"column":120},"end":{"line":90,"column":null}}],"line":90},"11":{"loc":{"start":{"line":98,"column":8},"end":{"line":110,"column":null}},"type":"if","locations":[{"start":{"line":98,"column":8},"end":{"line":110,"column":null}},{"start":{},"end":{}}],"line":98},"12":{"loc":{"start":{"line":98,"column":12},"end":{"line":98,"column":106}},"type":"binary-expr","locations":[{"start":{"line":98,"column":12},"end":{"line":98,"column":50}},{"start":{"line":98,"column":50},"end":{"line":98,"column":75}},{"start":{"line":98,"column":75},"end":{"line":98,"column":106}}],"line":98},"13":{"loc":{"start":{"line":100,"column":18},"end":{"line":100,"column":null}},"type":"binary-expr","locations":[{"start":{"line":100,"column":26},"end":{"line":100,"column":175}},{"start":{"line":100,"column":175},"end":{"line":100,"column":228}},{"start":{"line":100,"column":228},"end":{"line":100,"column":null}}],"line":100},"14":{"loc":{"start":{"line":104,"column":24},"end":{"line":104,"column":null}},"type":"binary-expr","locations":[{"start":{"line":104,"column":24},"end":{"line":104,"column":56}},{"start":{"line":104,"column":56},"end":{"line":104,"column":107}},{"start":{"line":104,"column":107},"end":{"line":104,"column":null}}],"line":104},"15":{"loc":{"start":{"line":112,"column":8},"end":{"line":125,"column":null}},"type":"if","locations":[{"start":{"line":112,"column":8},"end":{"line":125,"column":null}},{"start":{},"end":{}}],"line":112},"16":{"loc":{"start":{"line":114,"column":18},"end":{"line":119,"column":null}},"type":"binary-expr","locations":[{"start":{"line":115,"column":17},"end":{"line":119,"column":33}},{"start":{"line":119,"column":33},"end":{"line":119,"column":86}},{"start":{"line":119,"column":86},"end":{"line":119,"column":null}}],"line":114},"17":{"loc":{"start":{"line":120,"column":12},"end":{"line":120,"column":null}},"type":"if","locations":[{"start":{"line":120,"column":12},"end":{"line":120,"column":null}},{"start":{},"end":{}}],"line":120},"18":{"loc":{"start":{"line":121,"column":56},"end":{"line":121,"column":105}},"type":"binary-expr","locations":[{"start":{"line":121,"column":56},"end":{"line":121,"column":100}},{"start":{"line":121,"column":100},"end":{"line":121,"column":105}}],"line":121},"19":{"loc":{"start":{"line":123,"column":33},"end":{"line":123,"column":null}},"type":"binary-expr","locations":[{"start":{"line":123,"column":33},"end":{"line":123,"column":72}},{"start":{"line":123,"column":72},"end":{"line":123,"column":null}}],"line":123},"20":{"loc":{"start":{"line":124,"column":43},"end":{"line":124,"column":79}},"type":"binary-expr","locations":[{"start":{"line":124,"column":43},"end":{"line":124,"column":74}},{"start":{"line":124,"column":74},"end":{"line":124,"column":79}}],"line":124},"21":{"loc":{"start":{"line":138,"column":29},"end":{"line":138,"column":null}},"type":"cond-expr","locations":[{"start":{"line":138,"column":62},"end":{"line":138,"column":95}},{"start":{"line":138,"column":95},"end":{"line":138,"column":null}}],"line":138},"22":{"loc":{"start":{"line":139,"column":31},"end":{"line":139,"column":null}},"type":"cond-expr","locations":[{"start":{"line":139,"column":66},"end":{"line":139,"column":101}},{"start":{"line":139,"column":101},"end":{"line":139,"column":null}}],"line":139},"23":{"loc":{"start":{"line":140,"column":28},"end":{"line":140,"column":null}},"type":"cond-expr","locations":[{"start":{"line":140,"column":60},"end":{"line":140,"column":92}},{"start":{"line":140,"column":92},"end":{"line":140,"column":null}}],"line":140},"24":{"loc":{"start":{"line":145,"column":51},"end":{"line":145,"column":65}},"type":"binary-expr","locations":[{"start":{"line":145,"column":51},"end":{"line":145,"column":62}},{"start":{"line":145,"column":62},"end":{"line":145,"column":65}}],"line":145},"25":{"loc":{"start":{"line":154,"column":12},"end":{"line":158,"column":null}},"type":"if","locations":[{"start":{"line":154,"column":12},"end":{"line":158,"column":null}},{"start":{},"end":{}}],"line":154},"26":{"loc":{"start":{"line":155,"column":16},"end":{"line":157,"column":null}},"type":"if","locations":[{"start":{"line":155,"column":16},"end":{"line":157,"column":null}},{"start":{"line":156,"column":21},"end":{"line":157,"column":null}}],"line":155},"27":{"loc":{"start":{"line":155,"column":20},"end":{"line":155,"column":70}},"type":"binary-expr","locations":[{"start":{"line":155,"column":20},"end":{"line":155,"column":48}},{"start":{"line":155,"column":48},"end":{"line":155,"column":70}}],"line":155},"28":{"loc":{"start":{"line":156,"column":21},"end":{"line":157,"column":null}},"type":"if","locations":[{"start":{"line":156,"column":21},"end":{"line":157,"column":null}},{"start":{"line":157,"column":21},"end":{"line":157,"column":null}}],"line":156},"29":{"loc":{"start":{"line":156,"column":25},"end":{"line":156,"column":81}},"type":"binary-expr","locations":[{"start":{"line":156,"column":25},"end":{"line":156,"column":56}},{"start":{"line":156,"column":56},"end":{"line":156,"column":81}}],"line":156},"30":{"loc":{"start":{"line":166,"column":30},"end":{"line":166,"column":null}},"type":"binary-expr","locations":[{"start":{"line":166,"column":30},"end":{"line":166,"column":71}},{"start":{"line":166,"column":71},"end":{"line":166,"column":null}}],"line":166},"31":{"loc":{"start":{"line":167,"column":8},"end":{"line":170,"column":null}},"type":"if","locations":[{"start":{"line":167,"column":8},"end":{"line":170,"column":null}},{"start":{},"end":{}}],"line":167},"32":{"loc":{"start":{"line":169,"column":36},"end":{"line":169,"column":65}},"type":"binary-expr","locations":[{"start":{"line":169,"column":36},"end":{"line":169,"column":60}},{"start":{"line":169,"column":60},"end":{"line":169,"column":65}}],"line":169},"33":{"loc":{"start":{"line":178,"column":30},"end":{"line":178,"column":null}},"type":"binary-expr","locations":[{"start":{"line":178,"column":30},"end":{"line":178,"column":71}},{"start":{"line":178,"column":71},"end":{"line":178,"column":null}}],"line":178},"34":{"loc":{"start":{"line":179,"column":8},"end":{"line":179,"column":null}},"type":"if","locations":[{"start":{"line":179,"column":8},"end":{"line":179,"column":null}},{"start":{},"end":{}}],"line":179},"35":{"loc":{"start":{"line":181,"column":8},"end":{"line":181,"column":null}},"type":"if","locations":[{"start":{"line":181,"column":8},"end":{"line":181,"column":null}},{"start":{},"end":{}}],"line":181},"36":{"loc":{"start":{"line":184,"column":8},"end":{"line":184,"column":null}},"type":"if","locations":[{"start":{"line":184,"column":8},"end":{"line":184,"column":null}},{"start":{},"end":{}}],"line":184},"37":{"loc":{"start":{"line":184,"column":12},"end":{"line":184,"column":64}},"type":"binary-expr","locations":[{"start":{"line":184,"column":12},"end":{"line":184,"column":35}},{"start":{"line":184,"column":35},"end":{"line":184,"column":64}}],"line":184},"38":{"loc":{"start":{"line":187,"column":4},"end":{"line":224,"column":null}},"type":"if","locations":[{"start":{"line":187,"column":4},"end":{"line":224,"column":null}},{"start":{},"end":{}}],"line":187},"39":{"loc":{"start":{"line":209,"column":38},"end":{"line":209,"column":null}},"type":"binary-expr","locations":[{"start":{"line":209,"column":38},"end":{"line":209,"column":79}},{"start":{"line":209,"column":79},"end":{"line":209,"column":null}}],"line":209},"40":{"loc":{"start":{"line":210,"column":16},"end":{"line":210,"column":null}},"type":"if","locations":[{"start":{"line":210,"column":16},"end":{"line":210,"column":null}},{"start":{},"end":{}}],"line":210},"41":{"loc":{"start":{"line":212,"column":16},"end":{"line":212,"column":null}},"type":"if","locations":[{"start":{"line":212,"column":16},"end":{"line":212,"column":null}},{"start":{},"end":{}}],"line":212},"42":{"loc":{"start":{"line":215,"column":16},"end":{"line":215,"column":null}},"type":"if","locations":[{"start":{"line":215,"column":16},"end":{"line":215,"column":null}},{"start":{},"end":{}}],"line":215},"43":{"loc":{"start":{"line":215,"column":20},"end":{"line":215,"column":66}},"type":"binary-expr","locations":[{"start":{"line":215,"column":20},"end":{"line":215,"column":45}},{"start":{"line":215,"column":45},"end":{"line":215,"column":66}}],"line":215},"44":{"loc":{"start":{"line":219,"column":26},"end":{"line":219,"column":85}},"type":"binary-expr","locations":[{"start":{"line":219,"column":26},"end":{"line":219,"column":79}},{"start":{"line":219,"column":79},"end":{"line":219,"column":85}}],"line":219},"45":{"loc":{"start":{"line":230,"column":34},"end":{"line":230,"column":null}},"type":"binary-expr","locations":[{"start":{"line":230,"column":34},"end":{"line":230,"column":75}},{"start":{"line":230,"column":75},"end":{"line":230,"column":null}}],"line":230},"46":{"loc":{"start":{"line":236,"column":34},"end":{"line":238,"column":null}},"type":"cond-expr","locations":[{"start":{"line":237,"column":18},"end":{"line":237,"column":null}},{"start":{"line":238,"column":18},"end":{"line":238,"column":null}}],"line":236},"47":{"loc":{"start":{"line":239,"column":34},"end":{"line":239,"column":null}},"type":"binary-expr","locations":[{"start":{"line":239,"column":34},"end":{"line":239,"column":75}},{"start":{"line":239,"column":75},"end":{"line":239,"column":null}}],"line":239},"48":{"loc":{"start":{"line":247,"column":24},"end":{"line":247,"column":null}},"type":"binary-expr","locations":[{"start":{"line":247,"column":24},"end":{"line":247,"column":56}},{"start":{"line":247,"column":56},"end":{"line":247,"column":null}}],"line":247},"49":{"loc":{"start":{"line":248,"column":23},"end":{"line":248,"column":null}},"type":"binary-expr","locations":[{"start":{"line":248,"column":23},"end":{"line":248,"column":62}},{"start":{"line":248,"column":62},"end":{"line":248,"column":null}}],"line":248},"50":{"loc":{"start":{"line":249,"column":24},"end":{"line":249,"column":null}},"type":"binary-expr","locations":[{"start":{"line":249,"column":24},"end":{"line":249,"column":56}},{"start":{"line":249,"column":56},"end":{"line":249,"column":null}}],"line":249},"51":{"loc":{"start":{"line":255,"column":8},"end":{"line":255,"column":null}},"type":"if","locations":[{"start":{"line":255,"column":8},"end":{"line":255,"column":null}},{"start":{},"end":{}}],"line":255},"52":{"loc":{"start":{"line":274,"column":4},"end":{"line":276,"column":null}},"type":"if","locations":[{"start":{"line":274,"column":4},"end":{"line":276,"column":null}},{"start":{},"end":{}}],"line":274},"53":{"loc":{"start":{"line":304,"column":8},"end":{"line":304,"column":null}},"type":"if","locations":[{"start":{"line":304,"column":8},"end":{"line":304,"column":null}},{"start":{},"end":{}}],"line":304},"54":{"loc":{"start":{"line":306,"column":15},"end":{"line":306,"column":null}},"type":"binary-expr","locations":[{"start":{"line":306,"column":15},"end":{"line":306,"column":48}},{"start":{"line":306,"column":48},"end":{"line":306,"column":null}}],"line":306},"55":{"loc":{"start":{"line":334,"column":14},"end":{"line":334,"column":null}},"type":"binary-expr","locations":[{"start":{"line":334,"column":14},"end":{"line":334,"column":47}},{"start":{"line":334,"column":47},"end":{"line":334,"column":null}}],"line":334},"56":{"loc":{"start":{"line":338,"column":4},"end":{"line":345,"column":null}},"type":"if","locations":[{"start":{"line":338,"column":4},"end":{"line":345,"column":null}},{"start":{},"end":{}}],"line":338},"57":{"loc":{"start":{"line":341,"column":19},"end":{"line":341,"column":null}},"type":"binary-expr","locations":[{"start":{"line":341,"column":19},"end":{"line":341,"column":45}},{"start":{"line":341,"column":45},"end":{"line":341,"column":null}}],"line":341},"58":{"loc":{"start":{"line":342,"column":45},"end":{"line":342,"column":null}},"type":"binary-expr","locations":[{"start":{"line":342,"column":45},"end":{"line":342,"column":69}},{"start":{"line":342,"column":69},"end":{"line":342,"column":null}}],"line":342},"59":{"loc":{"start":{"line":350,"column":15},"end":{"line":350,"column":null}},"type":"binary-expr","locations":[{"start":{"line":350,"column":15},"end":{"line":350,"column":29}},{"start":{"line":350,"column":29},"end":{"line":350,"column":null}}],"line":350},"60":{"loc":{"start":{"line":352,"column":4},"end":{"line":359,"column":null}},"type":"if","locations":[{"start":{"line":352,"column":4},"end":{"line":359,"column":null}},{"start":{},"end":{}}],"line":352},"61":{"loc":{"start":{"line":356,"column":19},"end":{"line":356,"column":null}},"type":"binary-expr","locations":[{"start":{"line":356,"column":19},"end":{"line":356,"column":43}},{"start":{"line":356,"column":43},"end":{"line":356,"column":null}}],"line":356},"62":{"loc":{"start":{"line":357,"column":24},"end":{"line":357,"column":81}},"type":"binary-expr","locations":[{"start":{"line":357,"column":24},"end":{"line":357,"column":46}},{"start":{"line":357,"column":46},"end":{"line":357,"column":81}}],"line":357},"63":{"loc":{"start":{"line":362,"column":4},"end":{"line":371,"column":null}},"type":"if","locations":[{"start":{"line":362,"column":4},"end":{"line":371,"column":null}},{"start":{},"end":{}}],"line":362},"64":{"loc":{"start":{"line":362,"column":8},"end":{"line":362,"column":69}},"type":"binary-expr","locations":[{"start":{"line":362,"column":8},"end":{"line":362,"column":34}},{"start":{"line":362,"column":34},"end":{"line":362,"column":69}}],"line":362},"65":{"loc":{"start":{"line":364,"column":8},"end":{"line":370,"column":null}},"type":"if","locations":[{"start":{"line":364,"column":8},"end":{"line":370,"column":null}},{"start":{},"end":{}}],"line":364},"66":{"loc":{"start":{"line":367,"column":23},"end":{"line":367,"column":null}},"type":"binary-expr","locations":[{"start":{"line":367,"column":23},"end":{"line":367,"column":54}},{"start":{"line":367,"column":54},"end":{"line":367,"column":null}}],"line":367},"67":{"loc":{"start":{"line":368,"column":28},"end":{"line":368,"column":68}},"type":"binary-expr","locations":[{"start":{"line":368,"column":28},"end":{"line":368,"column":57}},{"start":{"line":368,"column":57},"end":{"line":368,"column":68}}],"line":368},"68":{"loc":{"start":{"line":368,"column":97},"end":{"line":368,"column":145}},"type":"binary-expr","locations":[{"start":{"line":368,"column":97},"end":{"line":368,"column":129}},{"start":{"line":368,"column":129},"end":{"line":368,"column":145}}],"line":368},"69":{"loc":{"start":{"line":368,"column":184},"end":{"line":368,"column":210}},"type":"binary-expr","locations":[{"start":{"line":368,"column":184},"end":{"line":368,"column":203}},{"start":{"line":368,"column":203},"end":{"line":368,"column":210}}],"line":368},"70":{"loc":{"start":{"line":378,"column":4},"end":{"line":378,"column":null}},"type":"if","locations":[{"start":{"line":378,"column":4},"end":{"line":378,"column":null}},{"start":{},"end":{}}],"line":378},"71":{"loc":{"start":{"line":380,"column":4},"end":{"line":384,"column":null}},"type":"if","locations":[{"start":{"line":380,"column":4},"end":{"line":384,"column":null}},{"start":{},"end":{}}],"line":380},"72":{"loc":{"start":{"line":390,"column":16},"end":{"line":394,"column":null}},"type":"cond-expr","locations":[{"start":{"line":391,"column":22},"end":{"line":391,"column":null}},{"start":{"line":392,"column":22},"end":{"line":394,"column":null}}],"line":390},"73":{"loc":{"start":{"line":392,"column":22},"end":{"line":394,"column":null}},"type":"cond-expr","locations":[{"start":{"line":393,"column":24},"end":{"line":393,"column":null}},{"start":{"line":394,"column":24},"end":{"line":394,"column":null}}],"line":392},"74":{"loc":{"start":{"line":410,"column":25},"end":{"line":410,"column":null}},"type":"binary-expr","locations":[{"start":{"line":410,"column":25},"end":{"line":410,"column":49}},{"start":{"line":410,"column":49},"end":{"line":410,"column":null}}],"line":410},"75":{"loc":{"start":{"line":411,"column":28},"end":{"line":411,"column":null}},"type":"binary-expr","locations":[{"start":{"line":411,"column":28},"end":{"line":411,"column":55}},{"start":{"line":411,"column":55},"end":{"line":411,"column":null}}],"line":411},"76":{"loc":{"start":{"line":412,"column":29},"end":{"line":412,"column":null}},"type":"binary-expr","locations":[{"start":{"line":412,"column":29},"end":{"line":412,"column":57}},{"start":{"line":412,"column":57},"end":{"line":412,"column":null}}],"line":412},"77":{"loc":{"start":{"line":413,"column":19},"end":{"line":413,"column":null}},"type":"binary-expr","locations":[{"start":{"line":413,"column":19},"end":{"line":413,"column":37}},{"start":{"line":413,"column":37},"end":{"line":413,"column":null}}],"line":413},"78":{"loc":{"start":{"line":414,"column":24},"end":{"line":414,"column":null}},"type":"binary-expr","locations":[{"start":{"line":414,"column":24},"end":{"line":414,"column":47}},{"start":{"line":414,"column":47},"end":{"line":414,"column":null}}],"line":414},"79":{"loc":{"start":{"line":415,"column":25},"end":{"line":415,"column":null}},"type":"binary-expr","locations":[{"start":{"line":415,"column":25},"end":{"line":415,"column":49}},{"start":{"line":415,"column":49},"end":{"line":415,"column":null}}],"line":415},"80":{"loc":{"start":{"line":427,"column":4},"end":{"line":429,"column":null}},"type":"if","locations":[{"start":{"line":427,"column":4},"end":{"line":429,"column":null}},{"start":{},"end":{}}],"line":427},"81":{"loc":{"start":{"line":427,"column":8},"end":{"line":427,"column":69}},"type":"binary-expr","locations":[{"start":{"line":427,"column":8},"end":{"line":427,"column":34}},{"start":{"line":427,"column":34},"end":{"line":427,"column":69}}],"line":427},"82":{"loc":{"start":{"line":432,"column":4},"end":{"line":434,"column":null}},"type":"if","locations":[{"start":{"line":432,"column":4},"end":{"line":434,"column":null}},{"start":{},"end":{}}],"line":432},"83":{"loc":{"start":{"line":442,"column":4},"end":{"line":442,"column":null}},"type":"if","locations":[{"start":{"line":442,"column":4},"end":{"line":442,"column":null}},{"start":{},"end":{}}],"line":442},"84":{"loc":{"start":{"line":445,"column":34},"end":{"line":445,"column":null}},"type":"cond-expr","locations":[{"start":{"line":445,"column":59},"end":{"line":445,"column":106}},{"start":{"line":445,"column":106},"end":{"line":445,"column":null}}],"line":445},"85":{"loc":{"start":{"line":449,"column":8},"end":{"line":449,"column":null}},"type":"if","locations":[{"start":{"line":449,"column":8},"end":{"line":449,"column":null}},{"start":{},"end":{}}],"line":449},"86":{"loc":{"start":{"line":462,"column":4},"end":{"line":485,"column":null}},"type":"if","locations":[{"start":{"line":462,"column":4},"end":{"line":485,"column":null}},{"start":{"line":482,"column":11},"end":{"line":485,"column":null}}],"line":462},"87":{"loc":{"start":{"line":464,"column":8},"end":{"line":464,"column":null}},"type":"if","locations":[{"start":{"line":464,"column":8},"end":{"line":464,"column":null}},{"start":{},"end":{}}],"line":464},"88":{"loc":{"start":{"line":470,"column":12},"end":{"line":470,"column":null}},"type":"if","locations":[{"start":{"line":470,"column":12},"end":{"line":470,"column":null}},{"start":{},"end":{}}],"line":470},"89":{"loc":{"start":{"line":471,"column":12},"end":{"line":475,"column":null}},"type":"if","locations":[{"start":{"line":471,"column":12},"end":{"line":475,"column":null}},{"start":{},"end":{}}],"line":471},"90":{"loc":{"start":{"line":484,"column":8},"end":{"line":484,"column":null}},"type":"if","locations":[{"start":{"line":484,"column":8},"end":{"line":484,"column":null}},{"start":{},"end":{}}],"line":484},"91":{"loc":{"start":{"line":488,"column":26},"end":{"line":488,"column":56}},"type":"binary-expr","locations":[{"start":{"line":488,"column":26},"end":{"line":488,"column":50}},{"start":{"line":488,"column":50},"end":{"line":488,"column":56}}],"line":488},"92":{"loc":{"start":{"line":503,"column":4},"end":{"line":503,"column":null}},"type":"if","locations":[{"start":{"line":503,"column":4},"end":{"line":503,"column":null}},{"start":{},"end":{}}],"line":503},"93":{"loc":{"start":{"line":505,"column":4},"end":{"line":509,"column":null}},"type":"if","locations":[{"start":{"line":505,"column":4},"end":{"line":509,"column":null}},{"start":{},"end":{}}],"line":505},"94":{"loc":{"start":{"line":505,"column":8},"end":{"line":505,"column":42}},"type":"binary-expr","locations":[{"start":{"line":505,"column":8},"end":{"line":505,"column":20}},{"start":{"line":505,"column":20},"end":{"line":505,"column":42}}],"line":505},"95":{"loc":{"start":{"line":512,"column":14},"end":{"line":512,"column":null}},"type":"binary-expr","locations":[{"start":{"line":512,"column":14},"end":{"line":512,"column":47}},{"start":{"line":512,"column":47},"end":{"line":512,"column":null}}],"line":512},"96":{"loc":{"start":{"line":519,"column":24},"end":{"line":519,"column":null}},"type":"cond-expr","locations":[{"start":{"line":519,"column":48},"end":{"line":519,"column":61}},{"start":{"line":519,"column":61},"end":{"line":519,"column":null}}],"line":519},"97":{"loc":{"start":{"line":519,"column":61},"end":{"line":519,"column":null}},"type":"cond-expr","locations":[{"start":{"line":519,"column":85},"end":{"line":519,"column":98}},{"start":{"line":519,"column":98},"end":{"line":519,"column":null}}],"line":519},"98":{"loc":{"start":{"line":524,"column":57},"end":{"line":524,"column":83}},"type":"binary-expr","locations":[{"start":{"line":524,"column":57},"end":{"line":524,"column":76}},{"start":{"line":524,"column":76},"end":{"line":524,"column":83}}],"line":524},"99":{"loc":{"start":{"line":529,"column":56},"end":{"line":529,"column":98}},"type":"binary-expr","locations":[{"start":{"line":529,"column":56},"end":{"line":529,"column":82}},{"start":{"line":529,"column":82},"end":{"line":529,"column":98}}],"line":529},"100":{"loc":{"start":{"line":530,"column":36},"end":{"line":530,"column":62}},"type":"binary-expr","locations":[{"start":{"line":530,"column":36},"end":{"line":530,"column":54}},{"start":{"line":530,"column":54},"end":{"line":530,"column":62}}],"line":530},"101":{"loc":{"start":{"line":541,"column":78},"end":{"line":541,"column":117}},"type":"default-arg","locations":[{"start":{"line":541,"column":113},"end":{"line":541,"column":117}}],"line":541},"102":{"loc":{"start":{"line":542,"column":28},"end":{"line":542,"column":null}},"type":"binary-expr","locations":[{"start":{"line":542,"column":28},"end":{"line":542,"column":55}},{"start":{"line":542,"column":55},"end":{"line":542,"column":null}}],"line":542},"103":{"loc":{"start":{"line":543,"column":29},"end":{"line":543,"column":null}},"type":"binary-expr","locations":[{"start":{"line":543,"column":29},"end":{"line":543,"column":57}},{"start":{"line":543,"column":57},"end":{"line":543,"column":null}}],"line":543},"104":{"loc":{"start":{"line":544,"column":26},"end":{"line":544,"column":null}},"type":"binary-expr","locations":[{"start":{"line":544,"column":26},"end":{"line":544,"column":51}},{"start":{"line":544,"column":51},"end":{"line":544,"column":null}}],"line":544},"105":{"loc":{"start":{"line":545,"column":22},"end":{"line":545,"column":null}},"type":"binary-expr","locations":[{"start":{"line":545,"column":22},"end":{"line":545,"column":43}},{"start":{"line":545,"column":43},"end":{"line":545,"column":62}},{"start":{"line":545,"column":62},"end":{"line":545,"column":null}}],"line":545},"106":{"loc":{"start":{"line":548,"column":4},"end":{"line":564,"column":null}},"type":"if","locations":[{"start":{"line":548,"column":4},"end":{"line":564,"column":null}},{"start":{},"end":{}}],"line":548},"107":{"loc":{"start":{"line":553,"column":12},"end":{"line":556,"column":null}},"type":"if","locations":[{"start":{"line":553,"column":12},"end":{"line":556,"column":null}},{"start":{},"end":{}}],"line":553},"108":{"loc":{"start":{"line":553,"column":16},"end":{"line":553,"column":40}},"type":"binary-expr","locations":[{"start":{"line":553,"column":16},"end":{"line":553,"column":21}},{"start":{"line":553,"column":21},"end":{"line":553,"column":40}}],"line":553},"109":{"loc":{"start":{"line":595,"column":8},"end":{"line":595,"column":null}},"type":"if","locations":[{"start":{"line":595,"column":8},"end":{"line":595,"column":null}},{"start":{},"end":{}}],"line":595},"110":{"loc":{"start":{"line":595,"column":12},"end":{"line":595,"column":50}},"type":"binary-expr","locations":[{"start":{"line":595,"column":12},"end":{"line":595,"column":26}},{"start":{"line":595,"column":26},"end":{"line":595,"column":50}}],"line":595},"111":{"loc":{"start":{"line":610,"column":25},"end":{"line":610,"column":null}},"type":"binary-expr","locations":[{"start":{"line":610,"column":25},"end":{"line":610,"column":77}},{"start":{"line":610,"column":77},"end":{"line":610,"column":null}}],"line":610},"112":{"loc":{"start":{"line":611,"column":12},"end":{"line":611,"column":null}},"type":"if","locations":[{"start":{"line":611,"column":12},"end":{"line":611,"column":null}},{"start":{},"end":{}}],"line":611},"113":{"loc":{"start":{"line":617,"column":12},"end":{"line":617,"column":null}},"type":"if","locations":[{"start":{"line":617,"column":12},"end":{"line":617,"column":null}},{"start":{},"end":{}}],"line":617},"114":{"loc":{"start":{"line":624,"column":8},"end":{"line":631,"column":null}},"type":"if","locations":[{"start":{"line":624,"column":8},"end":{"line":631,"column":null}},{"start":{},"end":{}}],"line":624},"115":{"loc":{"start":{"line":624,"column":12},"end":{"line":624,"column":73}},"type":"binary-expr","locations":[{"start":{"line":624,"column":12},"end":{"line":624,"column":42}},{"start":{"line":624,"column":42},"end":{"line":624,"column":73}}],"line":624},"116":{"loc":{"start":{"line":625,"column":25},"end":{"line":625,"column":null}},"type":"binary-expr","locations":[{"start":{"line":625,"column":25},"end":{"line":625,"column":77}},{"start":{"line":625,"column":77},"end":{"line":625,"column":null}}],"line":625},"117":{"loc":{"start":{"line":629,"column":12},"end":{"line":629,"column":null}},"type":"if","locations":[{"start":{"line":629,"column":12},"end":{"line":629,"column":null}},{"start":{},"end":{}}],"line":629},"118":{"loc":{"start":{"line":640,"column":21},"end":{"line":640,"column":null}},"type":"cond-expr","locations":[{"start":{"line":640,"column":44},"end":{"line":640,"column":102}},{"start":{"line":640,"column":102},"end":{"line":640,"column":null}}],"line":640}},"s":{"0":4,"1":4,"2":4,"3":4,"4":4,"5":4,"6":4,"7":4,"8":4,"9":12,"10":12,"11":12,"12":12,"13":12,"14":12,"15":12,"16":12,"17":12,"18":0,"19":12,"20":12,"21":0,"22":0,"23":12,"24":0,"25":0,"26":0,"27":12,"28":12,"29":12,"30":12,"31":12,"32":12,"33":12,"34":12,"35":12,"36":12,"37":4,"38":12,"39":12,"40":12,"41":4,"42":12,"43":12,"44":12,"45":12,"46":12,"47":12,"48":4,"49":4,"50":4,"51":4,"52":480,"53":480,"54":480,"55":480,"56":480,"57":480,"58":1920,"59":403,"60":0,"61":403,"62":0,"63":403,"64":480,"65":480,"66":480,"67":12,"68":12,"69":12,"70":0,"71":0,"72":480,"73":480,"74":480,"75":12,"76":12,"77":12,"78":12,"79":0,"80":12,"81":0,"82":0,"83":0,"84":0,"85":4,"86":0,"87":0,"88":0,"89":0,"90":0,"91":0,"92":0,"93":0,"94":0,"95":0,"96":0,"97":0,"98":0,"99":0,"100":0,"101":0,"102":0,"103":0,"104":0,"105":0,"106":0,"107":0,"108":0,"109":0,"110":0,"111":0,"112":0,"113":0,"114":4,"115":12,"116":12,"117":12,"118":0,"119":0,"120":0,"121":0,"122":0,"123":0,"124":0,"125":4,"126":0,"127":0,"128":4,"129":12,"130":12,"131":0,"132":0,"133":4,"134":4,"135":4,"136":4,"137":4,"138":0,"139":4,"140":4,"141":4,"142":4,"143":4,"144":12,"145":12,"146":0,"147":12,"148":12,"149":4,"150":4,"151":4,"152":4,"153":4,"154":12,"155":4,"156":4,"157":4,"158":4,"159":4,"160":4,"161":1,"162":1,"163":1,"164":4,"165":0,"166":0,"167":0,"168":4,"169":0,"170":0,"171":0,"172":0,"173":0,"174":0,"175":0,"176":0,"177":0,"178":0,"179":0,"180":0,"181":0,"182":0,"183":0,"184":0,"185":0,"186":0,"187":0,"188":0,"189":0,"190":0,"191":0,"192":0,"193":0,"194":0,"195":0,"196":0,"197":0,"198":0,"199":0,"200":0,"201":0,"202":0,"203":0,"204":0,"205":0,"206":0,"207":0,"208":0,"209":0,"210":0,"211":0,"212":0,"213":0,"214":0,"215":0,"216":0,"217":0,"218":0,"219":0,"220":0,"221":0,"222":0,"223":0,"224":0,"225":0,"226":0,"227":0,"228":0,"229":0,"230":0,"231":0,"232":0,"233":0,"234":0,"235":0,"236":0,"237":0,"238":0,"239":0,"240":0,"241":0,"242":0,"243":0,"244":0,"245":0,"246":0,"247":0,"248":0,"249":0,"250":0,"251":0,"252":0,"253":0,"254":0,"255":0,"256":0,"257":0,"258":0,"259":0,"260":0,"261":0,"262":0,"263":0,"264":0,"265":0,"266":0,"267":0,"268":0,"269":0,"270":0,"271":0,"272":0,"273":0,"274":0,"275":0,"276":0,"277":0,"278":0,"279":3,"280":3,"281":3,"282":2,"283":2,"284":0,"285":2,"286":2,"287":2,"288":2,"289":2,"290":2,"291":2,"292":2,"293":2,"294":0,"295":2,"296":2,"297":2,"298":2,"299":2,"300":2,"301":2,"302":2,"303":2,"304":1,"305":1,"306":1,"307":1,"308":1,"309":1,"310":3,"311":3,"312":3,"313":3,"314":3,"315":1,"316":3,"317":3},"f":{"0":4,"1":12,"2":12,"3":12,"4":1920,"5":12,"6":0,"7":12,"8":0,"9":0,"10":0,"11":12,"12":12,"13":4,"14":12,"15":4,"16":1,"17":0,"18":0,"19":0,"20":0,"21":0,"22":0,"23":0,"24":0,"25":0,"26":0,"27":0,"28":0,"29":0,"30":3,"31":2,"32":2,"33":3,"34":3,"35":3,"36":1},"b":{"0":[4],"1":[0,12],"2":[12,12],"3":[0,12],"4":[0,12],"5":[12,0],"6":[0,0],"7":[0,0],"8":[0,12],"9":[12,0],"10":[0,0],"11":[12,0],"12":[12,12,12],"13":[12,12,0],"14":[12,0,0],"15":[12,0],"16":[12,12,0],"17":[4,8],"18":[12,4],"19":[12,3],"20":[12,4],"21":[12,0],"22":[0,12],"23":[0,12],"24":[4,0],"25":[403,1517],"26":[0,403],"27":[403,0],"28":[0,403],"29":[403,0],"30":[12,12],"31":[0,12],"32":[0,0],"33":[12,12],"34":[12,0],"35":[0,12],"36":[0,0],"37":[0,0],"38":[0,4],"39":[0,0],"40":[0,0],"41":[0,0],"42":[0,0],"43":[0,0],"44":[0,0],"45":[12,12],"46":[0,0],"47":[0,0],"48":[0,0],"49":[0,0],"50":[0,0],"51":[12,0],"52":[0,4],"53":[0,12],"54":[12,12],"55":[4,0],"56":[4,0],"57":[4,0],"58":[4,0],"59":[4,1],"60":[1,3],"61":[1,0],"62":[1,0],"63":[0,4],"64":[4,0],"65":[0,0],"66":[0,0],"67":[0,0],"68":[0,0],"69":[0,0],"70":[0,0],"71":[0,0],"72":[0,0],"73":[0,0],"74":[0,0],"75":[0,0],"76":[0,0],"77":[0,0],"78":[0,0],"79":[0,0],"80":[0,0],"81":[0,0],"82":[0,0],"83":[0,0],"84":[0,0],"85":[0,0],"86":[0,0],"87":[0,0],"88":[0,0],"89":[0,0],"90":[0,0],"91":[0,0],"92":[0,0],"93":[0,0],"94":[0,0],"95":[0,0],"96":[0,0],"97":[0,0],"98":[0,0],"99":[0,0],"100":[0,0],"101":[0],"102":[0,0],"103":[0,0],"104":[0,0],"105":[0,0,0],"106":[0,0],"107":[0,0],"108":[0,0],"109":[0,2],"110":[2,2],"111":[2,0],"112":[0,2],"113":[2,0],"114":[1,1],"115":[2,1],"116":[1,0],"117":[1,0],"118":[3,0]},"meta":{"lastBranch":119,"lastFunction":37,"lastStatement":318,"seen":{"f:55:16:55:Infinity":0,"b:60:14:60:Infinity":0,"s:62:32:62:Infinity":0,"s:63:44:63:Infinity":1,"s:64:29:64:Infinity":2,"s:65:35:65:Infinity":3,"s:66:69:66:Infinity":4,"s:67:51:67:Infinity":5,"s:68:17:68:Infinity":6,"s:69:16:69:Infinity":7,"s:71:4:126:Infinity":8,"f:71:18:71:27":1,"s:72:18:72:Infinity":9,"s:73:28:73:Infinity":10,"s:74:30:76:Infinity":11,"b:75:14:75:Infinity:76:14:76:Infinity":1,"s:77:30:77:Infinity":12,"b:77:30:77:71:77:71:77:Infinity":2,"s:78:27:78:Infinity":13,"b:78:43:78:79:78:79:78:Infinity":3,"s:79:26:79:Infinity":14,"s:80:28:80:Infinity":15,"s:82:27:82:Infinity":16,"b:83:8:85:Infinity:84:13:85:Infinity":4,"s:83:8:85:Infinity":17,"s:83:44:83:Infinity":18,"b:84:13:85:Infinity:85:13:85:Infinity":5,"s:84:13:85:Infinity":19,"s:84:53:84:Infinity":20,"b:85:13:85:Infinity:undefined:undefined:undefined:undefined":6,"s:85:13:85:Infinity":21,"b:85:17:85:48:85:48:85:80":7,"s:85:80:85:Infinity":22,"b:87:8:93:Infinity:undefined:undefined:undefined:undefined":8,"s:87:8:93:Infinity":23,"b:87:12:87:26:87:26:87:56":9,"s:88:12:88:Infinity":24,"s:89:12:91:Infinity":25,"b:90:16:90:120:90:120:90:Infinity":10,"s:92:12:92:Infinity":26,"s:95:22:95:Infinity":27,"s:96:25:96:Infinity":28,"b:98:8:110:Infinity:undefined:undefined:undefined:undefined":11,"s:98:8:110:Infinity":29,"b:98:12:98:50:98:50:98:75:98:75:98:106":12,"s:99:29:99:Infinity":30,"s:100:18:100:Infinity":31,"b:100:26:100:175:100:175:100:228:100:228:100:Infinity":13,"s:102:12:109:Infinity":32,"b:104:24:104:56:104:56:104:107:104:107:104:Infinity":14,"b:112:8:125:Infinity:undefined:undefined:undefined:undefined":15,"s:112:8:125:Infinity":33,"s:113:29:113:Infinity":34,"s:114:18:119:Infinity":35,"b:115:17:119:33:119:33:119:86:119:86:119:Infinity":16,"b:120:12:120:Infinity:undefined:undefined:undefined:undefined":17,"s:120:12:120:Infinity":36,"s:120:41:120:Infinity":37,"s:121:12:121:Infinity":38,"b:121:56:121:100:121:100:121:105":18,"s:123:33:123:Infinity":39,"b:123:33:123:72:123:72:123:Infinity":19,"s:124:12:124:Infinity":40,"b:124:43:124:74:124:74:124:79":20,"s:129:21:142:Infinity":41,"f:130:9:130:17":2,"s:130:26:130:114":42,"f:131:9:131:14":3,"s:132:22:132:Infinity":43,"s:133:31:133:Infinity":44,"s:134:33:134:Infinity":45,"s:135:30:135:Infinity":46,"s:137:12:141:Infinity":47,"b:138:62:138:95:138:95:138:Infinity":21,"b:139:66:139:101:139:101:139:Infinity":22,"b:140:60:140:92:140:92:140:Infinity":23,"s:144:38:144:Infinity":48,"s:145:25:145:Infinity":49,"b:145:51:145:62:145:62:145:65":24,"s:146:4:161:Infinity":50,"s:146:17:146:35":51,"s:147:18:147:Infinity":52,"s:148:8:148:Infinity":53,"s:149:8:149:Infinity":54,"s:150:18:150:Infinity":55,"s:151:37:151:Infinity":56,"s:153:8:159:Infinity":57,"f:153:17:153:26":4,"b:154:12:158:Infinity:undefined:undefined:undefined:undefined":25,"s:154:12:158:Infinity":58,"b:155:16:157:Infinity:156:21:157:Infinity":26,"s:155:16:157:Infinity":59,"b:155:20:155:48:155:48:155:70":27,"s:155:70:155:Infinity":60,"b:156:21:157:Infinity:157:21:157:Infinity":28,"s:156:21:157:Infinity":61,"b:156:25:156:56:156:56:156:81":29,"s:156:81:156:Infinity":62,"s:157:21:157:Infinity":63,"s:160:8:160:Infinity":64,"s:163:48:163:Infinity":65,"s:164:4:171:Infinity":66,"f:164:18:164:27":5,"s:165:18:165:Infinity":67,"s:166:30:166:Infinity":68,"b:166:30:166:71:166:71:166:Infinity":30,"b:167:8:170:Infinity:undefined:undefined:undefined:undefined":31,"s:167:8:170:Infinity":69,"s:168:28:168:Infinity":70,"s:169:12:169:Infinity":71,"b:169:36:169:60:169:60:169:65":32,"s:173:50:173:Infinity":72,"s:175:42:175:Infinity":73,"s:176:4:185:Infinity":74,"s:177:18:177:Infinity":75,"s:178:30:178:Infinity":76,"b:178:30:178:71:178:71:178:Infinity":33,"b:179:8:179:Infinity:undefined:undefined:undefined:undefined":34,"s:179:8:179:Infinity":77,"s:179:28:179:Infinity":78,"s:180:22:180:Infinity":79,"b:181:8:181:Infinity:undefined:undefined:undefined:undefined":35,"s:181:8:181:Infinity":80,"s:181:56:181:Infinity":81,"s:183:23:183:Infinity":82,"b:184:8:184:Infinity:undefined:undefined:undefined:undefined":36,"s:184:8:184:Infinity":83,"b:184:12:184:35:184:35:184:64":37,"s:184:64:184:Infinity":84,"b:187:4:224:Infinity:undefined:undefined:undefined:undefined":38,"s:187:4:224:Infinity":85,"s:188:31:188:Infinity":86,"s:189:8:189:Infinity":87,"s:190:8:190:Infinity":88,"s:192:33:192:Infinity":89,"s:193:8:193:Infinity":90,"s:194:8:194:Infinity":91,"s:196:25:196:Infinity":92,"s:197:25:197:Infinity":93,"s:199:8:223:Infinity":94,"s:199:21:199:24":95,"s:200:32:200:Infinity":96,"s:201:12:201:Infinity":97,"s:202:30:202:Infinity":98,"s:203:12:203:Infinity":99,"s:204:12:204:Infinity":100,"s:206:24:206:Infinity":101,"s:207:12:216:Infinity":102,"f:207:26:207:35":6,"s:208:26:208:Infinity":103,"s:209:38:209:Infinity":104,"b:209:38:209:79:209:79:209:Infinity":39,"b:210:16:210:Infinity:undefined:undefined:undefined:undefined":40,"s:210:16:210:Infinity":105,"s:210:36:210:Infinity":106,"s:211:30:211:Infinity":107,"b:212:16:212:Infinity:undefined:undefined:undefined:undefined":41,"s:212:16:212:Infinity":108,"s:212:64:212:Infinity":109,"s:214:31:214:Infinity":110,"b:215:16:215:Infinity:undefined:undefined:undefined:undefined":42,"s:215:16:215:Infinity":111,"b:215:20:215:45:215:45:215:66":43,"s:215:66:215:Infinity":112,"s:218:12:222:Infinity":113,"b:219:26:219:79:219:79:219:85":44,"s:227:26:251:Infinity":114,"f:228:9:228:17":7,"s:229:22:2
[...]
},"9":{"start":{"line":25,"column":26},"end":{"line":32,"column":null}},"10":{"start":{"line":25,"column":56},"end":{"line":32,"column":6}},"11":{"start":{"line":34,"column":20},"end":{"line":34,"column":null}},"12":{"start":{"line":34,"column":45},"end":{"line":34,"column":103}},"13":{"start":{"line":37,"column":17},"end":{"line":37,"column":null}},"14":{"start":{"line":38,"column":17},"end":{"line":38,"column":null}},"15":{"start":{"line":40,"column":20},"end":{"line":43,"column":null}},"16":{"start":{"line":44,"column":20},"end":{"line":47,"column":null}},"17":{"start":{"line":48,"column":20},"end":{"line":51,"column":null}},"18":{"start":{"line":53,"column":4},"end":{"line":166,"column":null}},"19":{"start":{"line":103,"column":16},"end":{"line":112,"column":null}},"20":{"start":{"line":104,"column":36},"end":{"line":104,"column":null}},"21":{"start":{"line":105,"column":20},"end":{"line":111,"column":null}},"22":{"start":{"line":106,"column":42},"end":{"line":106,"column":null}},"23":{"start":{"line":107,"column":24},"end":{"line":110,"column":null}},"24":{"start":{"line":108,"column":40},"end":{"line":108,"column":null}},"25":{"start":{"line":109,"column":28},"end":{"line":109,"column":null}},"26":{"start":{"line":131,"column":40},"end":{"line":131,"column":null}},"27":{"start":{"line":132,"column":28},"end":{"line":132,"column":null}},"28":{"start":{"line":151,"column":28},"end":{"line":159,"column":null}},"29":{"start":{"line":152,"column":44},"end":{"line":152,"column":null}},"30":{"start":{"line":153,"column":32},"end":{"line":158,"column":null}},"31":{"start":{"line":160,"column":28},"end":{"line":160,"column":null}}},"fnMap":{"0":{"name":"renderScatterChart","decl":{"start":{"line":6,"column":16},"end":{"line":6,"column":null}},"loc":{"start":{"line":13,"column":2},"end":{"line":167,"column":null}},"line":13},"1":{"name":"(anonymous_1)","decl":{"start":{"line":23,"column":49},"end":{"line":23,"column":55}},"loc":{"start":{"line":23,"column":64},"end":{"line":23,"column":113}},"line":23},"2":{"name":"(anonymous_2)","decl":{"start":{"line":25,"column":39},"end":{"line":25,"column":44}},"loc":{"start":{"line":25,"column":56},"end":{"line":32,"column":6}},"line":25},"3":{"name":"(anonymous_3)","decl":{"start":{"line":34,"column":33},"end":{"line":34,"column":38}},"loc":{"start":{"line":34,"column":45},"end":{"line":34,"column":103}},"line":34},"4":{"name":"(anonymous_4)","decl":{"start":{"line":102,"column":12},"end":{"line":102,"column":22}},"loc":{"start":{"line":102,"column":43},"end":{"line":113,"column":null}},"line":102},"5":{"name":"(anonymous_5)","decl":{"start":{"line":130,"column":24},"end":{"line":130,"column":35}},"loc":{"start":{"line":130,"column":48},"end":{"line":133,"column":null}},"line":130},"6":{"name":"(anonymous_6)","decl":{"start":{"line":150,"column":24},"end":{"line":150,"column":32}},"loc":{"start":{"line":150,"column":49},"end":{"line":161,"column":null}},"line":150}},"branchMap":{"0":{"loc":{"start":{"line":14,"column":4},"end":{"line":14,"column":null}},"type":"if","locations":[{"start":{"line":14,"column":4},"end":{"line":14,"column":null}},{"start":{},"end":{}}],"line":14},"1":{"loc":{"start":{"line":17,"column":4},"end":{"line":17,"column":null}},"type":"if","locations":[{"start":{"line":17,"column":4},"end":{"line":17,"column":null}},{"start":{},"end":{}}],"line":17},"2":{"loc":{"start":{"line":17,"column":8},"end":{"line":17,"column":68}},"type":"binary-expr","locations":[{"start":{"line":17,"column":8},"end":{"line":17,"column":19}},{"start":{"line":17,"column":19},"end":{"line":17,"column":35}},{"start":{"line":17,"column":35},"end":{"line":17,"column":68}}],"line":17},"3":{"loc":{"start":{"line":20,"column":14},"end":{"line":20,"column":null}},"type":"binary-expr","locations":[{"start":{"line":20,"column":14},"end":{"line":20,"column":47}},{"start":{"line":20,"column":47},"end":{"line":20,"column":null}}],"line":20},"4":{"loc":{"start":{"line":28,"column":19},"end":{"line":28,"column":null}},"type":"cond-expr","locations":[{"start":{"line":28,"column":45},"end":{"line":28,"column":65}},{"start":{"line":28,"column":65},"end":{"line":28,"column":null}}],"line":28},"5":{"loc":{"start":{"line":34,"column":45},"end":{"line":34,"column":103}},"type":"cond-expr","locations":[{"start":{"line":34,"column":71},"end":{"line":34,"column":91}},{"start":{"line":34,"column":91},"end":{"line":34,"column":103}}],"line":34},"6":{"loc":{"start":{"line":60,"column":27},"end":{"line":60,"column":null}},"type":"binary-expr","locations":[{"start":{"line":60,"column":27},"end":{"line":60,"column":54}},{"start":{"line":60,"column":54},"end":{"line":60,"column":null}}],"line":60},"7":{"loc":{"start":{"line":103,"column":16},"end":{"line":112,"column":null}},"type":"if","locations":[{"start":{"line":103,"column":16},"end":{"line":112,"column":null}},{"start":{},"end":{}}],"line":103},"8":{"loc":{"start":{"line":103,"column":20},"end":{"line":103,"column":56}},"type":"binary-expr","locations":[{"start":{"line":103,"column":20},"end":{"line":103,"column":43}},{"start":{"line":103,"column":43},"end":{"line":103,"column":56}}],"line":103},"9":{"loc":{"start":{"line":105,"column":20},"end":{"line":111,"column":null}},"type":"if","locations":[{"start":{"line":105,"column":20},"end":{"line":111,"column":null}},{"start":{},"end":{}}],"line":105},"10":{"loc":{"start":{"line":107,"column":24},"end":{"line":110,"column":null}},"type":"if","locations":[{"start":{"line":107,"column":24},"end":{"line":110,"column":null}},{"start":{},"end":{}}],"line":107},"11":{"loc":{"start":{"line":121,"column":30},"end":{"line":121,"column":null}},"type":"binary-expr","locations":[{"start":{"line":121,"column":30},"end":{"line":121,"column":60}},{"start":{"line":121,"column":60},"end":{"line":121,"column":null}}],"line":121},"12":{"loc":{"start":{"line":132,"column":35},"end":{"line":132,"column":null}},"type":"binary-expr","locations":[{"start":{"line":132,"column":35},"end":{"line":132,"column":51}},{"start":{"line":132,"column":51},"end":{"line":132,"column":null}}],"line":132},"13":{"loc":{"start":{"line":137,"column":30},"end":{"line":137,"column":null}},"type":"binary-expr","locations":[{"start":{"line":137,"column":30},"end":{"line":137,"column":60}},{"start":{"line":137,"column":60},"end":{"line":137,"column":null}}],"line":137},"14":{"loc":{"start":{"line":151,"column":28},"end":{"line":159,"column":null}},"type":"if","locations":[{"start":{"line":151,"column":28},"end":{"line":159,"column":null}},{"start":{},"end":{}}],"line":151}},"s":{"0":7,"1":1,"2":7,"3":7,"4":2,"5":5,"6":5,"7":7,"8":1,"9":7,"10":6,"11":7,"12":6,"13":7,"14":7,"15":7,"16":7,"17":7,"18":7,"19":2,"20":2,"21":2,"22":1,"23":1,"24":1,"25":1,"26":2,"27":2,"28":2,"29":1,"30":1,"31":1},"f":{"0":7,"1":1,"2":6,"3":6,"4":2,"5":2,"6":2},"b":{"0":[1,6],"1":[2,5],"2":[7,6,6],"3":[5,0],"4":[6,0],"5":[6,0],"6":[7,0],"7":[2,0],"8":[2,2],"9":[1,1],"10":[1,0],"11":[7,0],"12":[2,1],"13":[7,0],"14":[1,1]},"meta":{"lastBranch":15,"lastFunction":7,"lastStatement":32,"seen":{"f:6:16:6:Infinity":0,"b:14:4:14:Infinity:undefined:undefined:undefined:undefined":0,"s:14:4:14:Infinity":0,"s:14:24:14:Infinity":1,"s:16:19:16:Infinity":2,"b:17:4:17:Infinity:undefined:undefined:undefined:undefined":1,"s:17:4:17:Infinity":3,"b:17:8:17:19:17:19:17:35:17:35:17:68":2,"s:17:68:17:Infinity":4,"s:19:37:19:Infinity":5,"s:20:14:20:Infinity":6,"b:20:14:20:47:20:47:20:Infinity":3,"s:23:25:23:Infinity":7,"f:23:49:23:55":1,"s:23:64:23:113":8,"s:25:26:32:Infinity":9,"f:25:39:25:44":2,"s:25:56:32:6":10,"b:28:45:28:65:28:65:28:Infinity":4,"s:34:20:34:Infinity":11,"f:34:33:34:38":3,"s:34:45:34:103":12,"b:34:71:34:91:34:91:34:103":5,"s:37:17:37:Infinity":13,"s:38:17:38:Infinity":14,"s:40:20:43:Infinity":15,"s:44:20:47:Infinity":16,"s:48:20:51:Infinity":17,"s:53:4:166:Infinity":18,"b:60:27:60:54:60:54:60:Infinity":6,"f:102:12:102:22":4,"b:103:16:112:Infinity:undefined:undefined:undefined:undefined":7,"s:103:16:112:Infinity":19,"b:103:20:103:43:103:43:103:56":8,"s:104:36:104:Infinity":20,"b:105:20:111:Infinity:undefined:undefined:undefined:undefined":9,"s:105:20:111:Infinity":21,"s:106:42:106:Infinity":22,"b:107:24:110:Infinity:undefined:undefined:undefined:undefined":10,"s:107:24:110:Infinity":23,"s:108:40:108:Infinity":24,"s:109:28:109:Infinity":25,"b:121:30:121:60:121:60:121:Infinity":11,"f:130:24:130:35":5,"s:131:40:131:Infinity":26,"s:132:28:132:Infinity":27,"b:132:35:132:51:132:51:132:Infinity":12,"b:137:30:137:60:137:60:137:Infinity":13,"f:150:24:150:32":6,"b:151:28:159:Infinity:undefined:undefined:undefined:undefined":14,"s:151:28:159:Infinity":28,"s:152:44:152:Infinity":29,"s:153:32:158:Infinity":30,"s:160:28:160:Infinity":31},"fnNames":{}}}
,"/Users/natanaelfernandogattibrentano/azure-devops-dashboard/src/charts/throughput-chart.ts": {"path":"/Users/natanaelfernandogattibrentano/azure-devops-dashboard/src/charts/throughput-chart.ts","statementMap":{"0":{"start":{"line":12,"column":4},"end":{"line":12,"column":null}},"1":{"start":{"line":12,"column":27},"end":{"line":12,"column":null}},"2":{"start":{"line":14,"column":19},"end":{"line":14,"column":null}},"3":{"start":{"line":15,"column":4},"end":{"line":15,"column":null}},"4":{"start":{"line":15,"column":17},"end":{"line":15,"column":null}},"5":{"start":{"line":17,"column":37},"end":{"line":17,"column":null}},"6":{"start":{"line":19,"column":4},"end":{"line":67,"column":null}},"7":{"start":{"line":22,"column":46},"end":{"line":22,"column":53}},"8":{"start":{"line":26,"column":52},"end":{"line":26,"column":59}},"9":{"start":{"line":28,"column":38},"end":{"line":28,"column":null}},"10":{"start":{"line":29,"column":51},"end":{"line":29,"column":null}},"11":{"start":{"line":30,"column":24},"end":{"line":30,"column":null}},"12":{"start":{"line":30,"column":40},"end":{"line":30,"column":null}},"13":{"start":{"line":31,"column":41},"end":{"line":31,"column":null}},"14":{"start":{"line":32,"column":24},"end":{"line":32,"column":null}},"15":{"start":{"line":33,"column":24},"end":{"line":33,"column":null}},"16":{"start":{"line":34,"column":24},"end":{"line":34,"column":null}},"17":{"start":{"line":60,"column":49},"end":{"line":60,"column":null}},"18":{"start":{"line":62,"column":28},"end":{"line":62,"column":null}}},"fnMap":{"0":{"name":"renderThroughputChart","decl":{"start":{"line":5,"column":16},"end":{"line":5,"column":null}},"loc":{"start":{"line":11,"column":2},"end":{"line":68,"column":null}},"line":11},"1":{"name":"(anonymous_1)","decl":{"start":{"line":22,"column":35},"end":{"line":22,"column":40}},"loc":{"start":{"line":22,"column":46},"end":{"line":22,"column":53}},"line":22},"2":{"name":"(anonymous_2)","decl":{"start":{"line":26,"column":41},"end":{"line":26,"column":46}},"loc":{"start":{"line":26,"column":52},"end":{"line":26,"column":59}},"line":26},"3":{"name":"(anonymous_3)","decl":{"start":{"line":27,"column":20},"end":{"line":27,"column":38}},"loc":{"start":{"line":27,"column":55},"end":{"line":35,"column":null}},"line":27},"4":{"name":"(anonymous_4)","decl":{"start":{"line":60,"column":24},"end":{"line":60,"column":32}},"loc":{"start":{"line":60,"column":49},"end":{"line":60,"column":null}},"line":60},"5":{"name":"(anonymous_5)","decl":{"start":{"line":61,"column":24},"end":{"line":61,"column":32}},"loc":{"start":{"line":62,"column":28},"end":{"line":62,"column":null}},"line":62}},"branchMap":{"0":{"loc":{"start":{"line":12,"column":4},"end":{"line":12,"column":null}},"type":"if","locations":[{"start":{"line":12,"column":4},"end":{"line":12,"column":null}},{"start":{},"end":{}}],"line":12},"1":{"loc":{"start":{"line":15,"column":4},"end":{"line":15,"column":null}},"type":"if","locations":[{"start":{"line":15,"column":4},"end":{"line":15,"column":null}},{"start":{},"end":{}}],"line":15},"2":{"loc":{"start":{"line":30,"column":24},"end":{"line":30,"column":null}},"type":"if","locations":[{"start":{"line":30,"column":24},"end":{"line":30,"column":null}},{"start":{},"end":{}}],"line":30}},"s":{"0":4,"1":1,"2":4,"3":4,"4":1,"5":3,"6":3,"7":3,"8":3,"9":1,"10":1,"11":1,"12":1,"13":0,"14":0,"15":0,"16":0,"17":0,"18":0},"f":{"0":4,"1":3,"2":3,"3":1,"4":0,"5":0},"b":{"0":[1,3],"1":[1,3],"2":[1,0]},"meta":{"lastBranch":3,"lastFunction":6,"lastStatement":19,"seen":{"f:5:16:5:Infinity":0,"b:12:4:12:Infinity:undefined:undefined:undefined:undefined":0,"s:12:4:12:Infinity":0,"s:12:27:12:Infinity":1,"s:14:19:14:Infinity":2,"b:15:4:15:Infinity:undefined:undefined:undefined:undefined":1,"s:15:4:15:Infinity":3,"s:15:17:15:Infinity":4,"s:17:37:17:Infinity":5,"s:19:4:67:Infinity":6,"f:22:35:22:40":1,"s:22:46:22:53":7,"f:26:41:26:46":2,"s:26:52:26:59":8,"f:27:20:27:38":3,"s:28:38:28:Infinity":9,"s:29:51:29:Infinity":10,"b:30:24:30:Infinity:undefined:undefined:undefined:undefined":2,"s:30:24:30:Infinity":11,"s:30:40:30:Infinity":12,"s:31:41:31:Infinity":13,"s:32:24:32:Infinity":14,"s:33:24:33:Infinity":15,"s:34:24:34:Infinity":16,"f:60:24:60:32":4,"s:60:49:60:Infinity":17,"f:61:24:61:32":5,"s:62:28:62:Infinity":18},"fnNames":{}}}
,"/Users/natanaelfernandogattibrentano/azure-devops-dashboard/src/charts/wip-chart.ts": {"path":"/Users/natanaelfernandogattibrentano/azure-devops-dashboard/src/charts/wip-chart.ts","statementMap":{"0":{"start":{"line":12,"column":17},"end":{"line":12,"column":null}},"1":{"start":{"line":13,"column":20},"end":{"line":13,"column":null}},"2":{"start":{"line":14,"column":21},"end":{"line":14,"column":null}},"3":{"start":{"line":16,"column":4},"end":{"line":18,"column":null}},"4":{"start":{"line":17,"column":8},"end":{"line":17,"column":null}},"5":{"start":{"line":20,"column":4},"end":{"line":20,"column":null}},"6":{"start":{"line":20,"column":20},"end":{"line":20,"column":null}},"7":{"start":{"line":22,"column":4},"end":{"line":22,"column":null}},"8":{"start":{"line":22,"column":20},"end":{"line":22,"column":null}},"9":{"start":{"line":24,"column":20},"end":{"line":24,"column":null}},"10":{"start":{"line":25,"column":19},"end":{"line":25,"column":null}},"11":{"start":{"line":25,"column":40},"end":{"line":25,"column":60}},"12":{"start":{"line":27,"column":4},"end":{"line":33,"column":null}},"13":{"start":{"line":28,"column":8},"end":{"line":30,"column":null}},"14":{"start":{"line":32,"column":8},"end":{"line":32,"column":null}},"15":{"start":{"line":35,"column":4},"end":{"line":38,"column":null}},"16":{"start":{"line":36,"column":8},"end":{"line":36,"column":null}},"17":{"start":{"line":37,"column":8},"end":{"line":37,"column":null}},"18":{"start":{"line":40,"column":4},"end":{"line":40,"column":null}},"19":{"start":{"line":40,"column":17},"end":{"line":40,"column":null}},"20":{"start":{"line":42,"column":37},"end":{"line":42,"column":null}},"21":{"start":{"line":44,"column":21},"end":{"line":52,"column":null}},"22":{"start":{"line":45,"column":22},"end":{"line":45,"column":null}},"23":{"start":{"line":46,"column":22},"end":{"line":46,"column":null}},"24":{"start":{"line":47,"column":27},"end":{"line":47,"column":null}},"25":{"start":{"line":48,"column":8},"end":{"line":50,"column":null}},"26":{"start":{"line":49,"column":12},"end":{"line":49,"column":null}},"27":{"start":{"line":51,"column":8},"end":{"line":51,"column":null}},"28":{"start":{"line":54,"column":4},"end":{"line":91,"column":null}},"29":{"start":{"line":86,"column":49},"end":{"line":86,"column":null}}},"fnMap":{"0":{"name":"renderWIPChart","decl":{"start":{"line":5,"column":16},"end":{"line":5,"column":null}},"loc":{"start":{"line":11,"column":2},"end":{"line":92,"column":null}},"line":11},"1":{"name":"(anonymous_1)","decl":{"start":{"line":25,"column":27},"end":{"line":25,"column":32}},"loc":{"start":{"line":25,"column":40},"end":{"line":25,"column":60}},"line":25},"2":{"name":"(anonymous_2)","decl":{"start":{"line":44,"column":29},"end":{"line":44,"column":34}},"loc":{"start":{"line":44,"column":47},"end":{"line":52,"column":5}},"line":44},"3":{"name":"(anonymous_3)","decl":{"start":{"line":86,"column":24},"end":{"line":86,"column":32}},"loc":{"start":{"line":86,"column":49},"end":{"line":86,"column":null}},"line":86}},"branchMap":{"0":{"loc":{"start":{"line":16,"column":4},"end":{"line":18,"column":null}},"type":"if","locations":[{"start":{"line":16,"column":4},"end":{"line":18,"column":null}},{"start":{},"end":{}}],"line":16},"1":{"loc":{"start":{"line":16,"column":8},"end":{"line":16,"column":29}},"type":"binary-expr","locations":[{"start":{"line":16,"column":8},"end":{"line":16,"column":19}},{"start":{"line":16,"column":19},"end":{"line":16,"column":29}}],"line":16},"2":{"loc":{"start":{"line":20,"column":4},"end":{"line":20,"column":null}},"type":"if","locations":[{"start":{"line":20,"column":4},"end":{"line":20,"column":null}},{"start":{},"end":{}}],"line":20},"3":{"loc":{"start":{"line":22,"column":4},"end":{"line":22,"column":null}},"type":"if","locations":[{"start":{"line":22,"column":4},"end":{"line":22,"column":null}},{"start":{},"end":{}}],"line":22},"4":{"loc":{"start":{"line":27,"column":4},"end":{"line":33,"column":null}},"type":"if","locations":[{"start":{"line":27,"column":4},"end":{"line":33,"column":null}},{"start":{},"end":{}}],"line":27},"5":{"loc":{"start":{"line":35,"column":4},"end":{"line":38,"column":null}},"type":"if","locations":[{"start":{"line":35,"column":4},"end":{"line":38,"column":null}},{"start":{},"end":{}}],"line":35},"6":{"loc":{"start":{"line":40,"column":4},"end":{"line":40,"column":null}},"type":"if","locations":[{"start":{"line":40,"column":4},"end":{"line":40,"column":null}},{"start":{},"end":{}}],"line":40},"7":{"loc":{"start":{"line":48,"column":8},"end":{"line":50,"column":null}},"type":"if","locations":[{"start":{"line":48,"column":8},"end":{"line":50,"column":null}},{"start":{},"end":{}}],"line":48},"8":{"loc":{"start":{"line":48,"column":12},"end":{"line":48,"column":39}},"type":"binary-expr","locations":[{"start":{"line":48,"column":12},"end":{"line":48,"column":27}},{"start":{"line":48,"column":27},"end":{"line":48,"column":39}}],"line":48},"9":{"loc":{"start":{"line":60,"column":27},"end":{"line":60,"column":null}},"type":"binary-expr","locations":[{"start":{"line":60,"column":27},"end":{"line":60,"column":81}},{"start":{"line":60,"column":81},"end":{"line":60,"column":null}}],"line":60}},"s":{"0":4,"1":4,"2":4,"3":4,"4":1,"5":4,"6":0,"7":4,"8":1,"9":4,"10":4,"11":5,"12":4,"13":1,"14":1,"15":3,"16":1,"17":1,"18":3,"19":0,"20":3,"21":3,"22":5,"23":5,"24":5,"25":5,"26":1,"27":4,"28":3,"29":0},"f":{"0":4,"1":5,"2":5,"3":0},"b":{"0":[1,3],"1":[4,1],"2":[0,4],"3":[1,3],"4":[1,3],"5":[1,2],"6":[0,3],"7":[1,4],"8":[5,4],"9":[3,0]},"meta":{"lastBranch":10,"lastFunction":4,"lastStatement":30,"seen":{"f:5:16:5:Infinity":0,"s:12:17:12:Infinity":0,"s:13:20:13:Infinity":1,"s:14:21:14:Infinity":2,"b:16:4:18:Infinity:undefined:undefined:undefined:undefined":0,"s:16:4:18:Infinity":3,"b:16:8:16:19:16:19:16:29":1,"s:17:8:17:Infinity":4,"b:20:4:20:Infinity:undefined:undefined:undefined:undefined":2,"s:20:4:20:Infinity":5,"s:20:20:20:Infinity":6,"b:22:4:22:Infinity:undefined:undefined:undefined:undefined":3,"s:22:4:22:Infinity":7,"s:22:20:22:Infinity":8,"s:24:20:24:Infinity":9,"s:25:19:25:Infinity":10,"f:25:27:25:32":1,"s:25:40:25:60":11,"b:27:4:33:Infinity:undefined:undefined:undefined:undefined":4,"s:27:4:33:Infinity":12,"s:28:8:30:Infinity":13,"s:32:8:32:Infinity":14,"b:35:4:38:Infinity:undefined:undefined:undefined:undefined":5,"s:35:4:38:Infinity":15,"s:36:8:36:Infinity":16,"s:37:8:37:Infinity":17,"b:40:4:40:Infinity:undefined:undefined:undefined:undefined":6,"s:40:4:40:Infinity":18,"s:40:17:40:Infinity":19,"s:42:37:42:Infinity":20,"s:44:21:52:Infinity":21,"f:44:29:44:34":2,"s:45:22:45:Infinity":22,"s:46:22:46:Infinity":23,"s:47:27:47:Infinity":24,"b:48:8:50:Infinity:undefined:undefined:undefined:undefined":7,"s:48:8:50:Infinity":25,"b:48:12:48:27:48:27:48:39":8,"s:49:12:49:Infinity":26,"s:51:8:51:Infinity":27,"s:54:4:91:Infinity":28,"b:60:27:60:81:60:81:60:Infinity":9,"f:86:24:86:32":3,"s:86:49:86:Infinity":29},"fnNames":{}}}
}
